#
# A fatal error has been detected by the Java Runtime Environment:
#
#  SIGSEGV (0xb) at pc=0xb3452ccc, pid=12921, tid=3059620672
#
# JRE version: OpenJDK Runtime Environment (7.0_55-b14) (build 1.7.0_55-b14)
# Java VM: OpenJDK Server VM (24.51-b03 mixed mode linux-x86 )
# Problematic frame:
# J  java.lang.Object.<init>()V
#
# Failed to write core dump. Core dumps have been disabled. To enable core dumping, try "ulimit -c unlimited" before starting Java again
#
# If you would like to submit a bug report, please include
# instructions on how to reproduce the bug and visit:
#   http://icedtea.classpath.org/bugzilla
#

---------------  T H R E A D  ---------------

Current thread (0xb6407c00):  JavaThread "main" [_thread_in_Java, id=12925, stack(0xb6591000,0xb65e2000)]

siginfo:si_signo=SIGSEGV: si_errno=0, si_code=2 (SEGV_ACCERR), si_addr=0xb6591ffc

Registers:
EAX=0x6d941228, EBX=0x6d941228, ECX=0x9f09d270, EDX=0xb3403387
ESP=0xb6595ffc, EBP=0xb6596034, ESI=0xb6596010, EDI=0xb3452ccc
EIP=0xb3452ccc, EFLAGS=0x00210a07, CR2=0xb6591ffc

Top of Stack: (sp=0xb6595ffc)
0xb6595ffc:   b3403387 00000037 00000000 b71557e0
0xb659600c:   b3403387 9f09d270 b6596014 6db7fc2d
0xb659601c:   b659603c 6dce0660 00000000 6db7fc48
0xb659602c:   b6596010 b659603c b6596060 b3403387
0xb659603c:   9f09d270 b6596040 6db7e3dd b6596068
0xb659604c:   6dce0840 00000000 6db7e3f8 b659603c
0xb659605c:   b6596068 b659608c b3403387 9f09d270
0xb659606c:   b659606c 6db7b295 b65960a4 6dce0a00 

Instructions: (pc=0xb3452ccc)
0xb3452cac:   00 00 00 00 00 00 00 00 00 00 00 00 00 00 00 00
0xb3452cbc:   00 00 00 00 3b 41 04 0f 85 57 a3 fd ff 66 66 90
0xb3452ccc:   89 84 24 00 c0 ff ff 55 83 ec 08 8b 59 04 8b 6b
0xb3452cdc:   54 f7 c5 00 00 00 40 74 07 8b e9 e8 74 96 ff ff 

Register to memory mapping:

EAX=0x6d941228 is an oop
{method} 
 - klass: {other class}
EBX=0x6d941228 is an oop
{method} 
 - klass: {other class}
ECX=0x9f09d270 is an oop
java.awt.Rectangle 
 - klass: 'java/awt/Rectangle'
EDX=0xb3403387 is at code_begin+2055 in an Interpreter codelet
return entry points  [0xb3402b80, 0xb3404420]  6304 bytes
ESP=0xb6595ffc is pointing into the stack for thread: 0xb6407c00
EBP=0xb6596034 is pointing into the stack for thread: 0xb6407c00
ESI=0xb6596010 is pointing into the stack for thread: 0xb6407c00
EDI=0xb3452ccc is at entry_point+12 in (nmethod*)0xb3452bc8


Stack: [0xb6591000,0xb65e2000],  sp=0xb6595ffc,  free space=19k
Native frames: (J=compiled Java code, j=interpreted, Vv=VM code, C=native code)
J  java.lang.Object.<init>()V
j  java.awt.geom.Rectangle2D.<init>()V+1
j  java.awt.Rectangle.<init>(IIII)V+1
j  javax.swing.plaf.basic.BasicTabbedPaneUI.<init>()V+79
j  javax.swing.plaf.metal.MetalTabbedPaneUI.<init>()V+1
j  javax.swing.plaf.metal.MetalTabbedPaneUI.createUI(Ljavax/swing/JComponent;)Ljavax/swing/plaf/ComponentUI;+4
j  sun.reflect.GeneratedMethodAccessor2.invoke(Ljava/lang/Object;[Ljava/lang/Object;)Ljava/lang/Object;+24
j  sun.reflect.DelegatingMethodAccessorImpl.invoke(Ljava/lang/Object;[Ljava/lang/Object;)Ljava/lang/Object;+6
j  java.lang.reflect.Method.invoke(Ljava/lang/Object;[Ljava/lang/Object;)Ljava/lang/Object;+57
j  sun.reflect.misc.Trampoline.invoke(Ljava/lang/reflect/Method;Ljava/lang/Object;[Ljava/lang/Object;)Ljava/lang/Object;+7
j  sun.reflect.GeneratedMethodAccessor1.invoke(Ljava/lang/Object;[Ljava/lang/Object;)Ljava/lang/Object;+40
j  sun.reflect.DelegatingMethodAccessorImpl.invoke(Ljava/lang/Object;[Ljava/lang/Object;)Ljava/lang/Object;+6
j  java.lang.reflect.Method.invoke(Ljava/lang/Object;[Ljava/lang/Object;)Ljava/lang/Object;+57
j  sun.reflect.misc.MethodUtil.invoke(Ljava/lang/reflect/Method;Ljava/lang/Object;[Ljava/lang/Object;)Ljava/lang/Object;+20
j  javax.swing.UIDefaults.getUI(Ljavax/swing/JComponent;)Ljavax/swing/plaf/ComponentUI;+126
j  javax.swing.UIManager.getUI(Ljavax/swing/JComponent;)Ljavax/swing/plaf/ComponentUI;+37
j  javax.swing.JTabbedPane.updateUI()V+2
j  javax.swing.JTabbedPane.<init>(II)V+58
j  javax.swing.JTabbedPane.<init>()V+3
j  swinghacks.TransitionTabbedPane.<init>()V+1
j  swinghacks.TransitionTabbedPane$InOutPane.<init>()V+1
j  swinghacks.TransitionTabbedPane.<init>()V+25
j  swinghacks.TransitionTabbedPane$InOutPane.<init>()V+1
j  swinghacks.TransitionTabbedPane.<init>()V+25
j  swinghacks.TransitionTabbedPane$InOutPane.<init>()V+1
j  swinghacks.TransitionTabbedPane.<init>()V+25
j  swinghacks.TransitionTabbedPane$InOutPane.<init>()V+1
j  swinghacks.TransitionTabbedPane.<init>()V+25
j  swinghacks.TransitionTabbedPane$InOutPane.<init>()V+1
j  swinghacks.TransitionTabbedPane.<init>()V+25
j  swinghacks.TransitionTabbedPane$InOutPane.<init>()V+1
j  swinghacks.TransitionTabbedPane.<init>()V+25
j  swinghacks.TransitionTabbedPane$InOutPane.<init>()V+1
j  swinghacks.TransitionTabbedPane.<init>()V+25
j  swinghacks.TransitionTabbedPane$InOutPane.<init>()V+1
j  swinghacks.TransitionTabbedPane.<init>()V+25
j  swinghacks.TransitionTabbedPane$InOutPane.<init>()V+1
j  swinghacks.TransitionTabbedPane.<init>()V+25
j  swinghacks.TransitionTabbedPane$InOutPane.<init>()V+1
j  swinghacks.TransitionTabbedPane.<init>()V+25
j  swinghacks.TransitionTabbedPane$InOutPane.<init>()V+1
j  swinghacks.TransitionTabbedPane.<init>()V+25
j  swinghacks.TransitionTabbedPane$InOutPane.<init>()V+1
j  swinghacks.TransitionTabbedPane.<init>()V+25
j  swinghacks.TransitionTabbedPane$InOutPane.<init>()V+1
j  swinghacks.TransitionTabbedPane.<init>()V+25
j  swinghacks.TransitionTabbedPane$InOutPane.<init>()V+1
j  swinghacks.TransitionTabbedPane.<init>()V+25
j  swinghacks.TransitionTabbedPane$InOutPane.<init>()V+1
j  swinghacks.TransitionTabbedPane.<init>()V+25
j  swinghacks.TransitionTabbedPane$InOutPane.<init>()V+1
j  swinghacks.TransitionTabbedPane.<init>()V+25
j  swinghacks.TransitionTabbedPane$InOutPane.<init>()V+1
j  swinghacks.TransitionTabbedPane.<init>()V+25
j  swinghacks.TransitionTabbedPane$InOutPane.<init>()V+1
j  swinghacks.TransitionTabbedPane.<init>()V+25
j  swinghacks.TransitionTabbedPane$InOutPane.<init>()V+1
j  swinghacks.TransitionTabbedPane.<init>()V+25
j  swinghacks.TransitionTabbedPane$InOutPane.<init>()V+1
j  swinghacks.TransitionTabbedPane.<init>()V+25
j  swinghacks.TransitionTabbedPane$InOutPane.<init>()V+1
j  swinghacks.TransitionTabbedPane.<init>()V+25
j  swinghacks.TransitionTabbedPane$InOutPane.<init>()V+1
j  swinghacks.TransitionTabbedPane.<init>()V+25
j  swinghacks.TransitionTabbedPane$InOutPane.<init>()V+1
j  swinghacks.TransitionTabbedPane.<init>()V+25
j  swinghacks.TransitionTabbedPane$InOutPane.<init>()V+1
j  swinghacks.TransitionTabbedPane.<init>()V+25
j  swinghacks.TransitionTabbedPane$InOutPane.<init>()V+1
j  swinghacks.TransitionTabbedPane.<init>()V+25
j  swinghacks.TransitionTabbedPane$InOutPane.<init>()V+1
j  swinghacks.TransitionTabbedPane.<init>()V+25
j  swinghacks.TransitionTabbedPane$InOutPane.<init>()V+1
j  swinghacks.TransitionTabbedPane.<init>()V+25
j  swinghacks.TransitionTabbedPane$InOutPane.<init>()V+1
j  swinghacks.TransitionTabbedPane.<init>()V+25
j  swinghacks.TransitionTabbedPane$InOutPane.<init>()V+1
j  swinghacks.TransitionTabbedPane.<init>()V+25
j  swinghacks.TransitionTabbedPane$InOutPane.<init>()V+1
j  swinghacks.TransitionTabbedPane.<init>()V+25
j  swinghacks.TransitionTabbedPane$InOutPane.<init>()V+1
j  swinghacks.TransitionTabbedPane.<init>()V+25
j  swinghacks.TransitionTabbedPane$InOutPane.<init>()V+1
j  swinghacks.TransitionTabbedPane.<init>()V+25
j  swinghacks.TransitionTabbedPane$InOutPane.<init>()V+1
j  swinghacks.TransitionTabbedPane.<init>()V+25
j  swinghacks.TransitionTabbedPane$InOutPane.<init>()V+1
j  swinghacks.TransitionTabbedPane.<init>()V+25
j  swinghacks.TransitionTabbedPane$InOutPane.<init>()V+1
j  swinghacks.TransitionTabbedPane.<init>()V+25
j  swinghacks.TransitionTabbedPane$InOutPane.<init>()V+1
j  swinghacks.TransitionTabbedPane.<init>()V+25
j  swinghacks.TransitionTabbedPane$InOutPane.<init>()V+1
j  swinghacks.TransitionTabbedPane.<init>()V+25
j  swinghacks.TransitionTabbedPane$InOutPane.<init>()V+1
j  swinghacks.TransitionTabbedPane.<init>()V+25
j  swinghacks.TransitionTabbedPane$InOutPane.<init>()V+1
j  swinghacks.TransitionTabbedPane.<init>()V+25
j  swinghacks.TransitionTabbedPane$InOutPane.<init>()V+1
j  swinghacks.TransitionTabbedPane.<init>()V+25
...<more frames>...


---------------  P R O C E S S  ---------------

Java Threads: ( => current thread )
  0x69dc4c00 JavaThread "AWT-XAWT" daemon [_thread_in_native, id=12939, stack(0x68ade000,0x68b2f000)]
  0x69da2400 JavaThread "Java2D Disposer" daemon [_thread_blocked, id=12938, stack(0x68b2f000,0x68b80000)]
  0x6a49ac00 JavaThread "Service Thread" daemon [_thread_blocked, id=12936, stack(0x69f2e000,0x69f7f000)]
  0x6a499000 JavaThread "C2 CompilerThread1" daemon [_thread_blocked, id=12935, stack(0x69f7f000,0x6a000000)]
  0x6a497000 JavaThread "C2 CompilerThread0" daemon [_thread_blocked, id=12934, stack(0x6a12e000,0x6a1af000)]
  0x6a495800 JavaThread "Signal Dispatcher" daemon [_thread_blocked, id=12933, stack(0x6a1af000,0x6a200000)]
  0x6a484800 JavaThread "Finalizer" daemon [_thread_blocked, id=12932, stack(0x6a32e000,0x6a37f000)]
  0x6a482c00 JavaThread "Reference Handler" daemon [_thread_blocked, id=12931, stack(0x6cf2e000,0x6cf7f000)]
=>0xb6407c00 JavaThread "main" [_thread_in_Java, id=12925, stack(0xb6591000,0xb65e2000)]

Other Threads:
  0x6a480400 VMThread [stack: 0x6a37f000,0x6a400000] [id=12930]
  0x6a49c800 WatcherThread [stack: 0x69ead000,0x69f2e000] [id=12937]

VM state:not at safepoint (normal execution)

VM Mutex/Monitor currently owned by a thread: None

Heap
 PSYoungGen      total 18432K, used 6377K [0x9ea80000, 0x9ff00000, 0xb3340000)
  eden space 15872K, 40% used [0x9ea80000,0x9f0ba6c0,0x9fa00000)
  from space 2560K, 0% used [0x9fc80000,0x9fc80000,0x9ff00000)
  to   space 2560K, 0% used [0x9fa00000,0x9fa00000,0x9fc80000)
 ParOldGen       total 41984K, used 0K [0x75940000, 0x78240000, 0x9ea80000)
  object space 41984K, 0% used [0x75940000,0x75940000,0x78240000)
 PSPermGen       total 16384K, used 4960K [0x6d940000, 0x6e940000, 0x75940000)
  object space 16384K, 30% used [0x6d940000,0x6de18290,0x6e940000)

Card table byte_map: [0x6d712000,0x6d940000] byte_map_base: 0x6d3a5600

Polling page: 0xb776b000

Code Cache  [0xb3400000, 0xb3640000, 0xb6400000)
 total_blobs=256 nmethods=60 adapters=149 free_code_cache=48736Kb largest_free_block=49887040

Compilation events (10 events):
Event: 1.178 Thread 0x6a497000 nmethod 56 0xb345e848 code [0xb345e960, 0xb345eac4]
Event: 1.178 Thread 0x6a497000   57             java.awt.AWTEventMulticaster::addInternal (22 bytes)
Event: 1.178 Thread 0x6a497000 nmethod 57 0xb345e648 code [0xb345e740, 0xb345e790]
Event: 1.178 Thread 0x6a497000   58             javax.swing.UIDefaults::get (21 bytes)
Event: 1.179 Thread 0x6a499000 nmethod 55 0xb346a308 code [0xb346a4a0, 0xb346a8ac]
Event: 1.179 Thread 0x6a499000   59             javax.swing.JTabbedPane::getTabCount (10 bytes)
Event: 1.179 Thread 0x6a497000 nmethod 58 0xb346af08 code [0xb346b000, 0xb346b084]
Event: 1.180 Thread 0x6a499000 nmethod 59 0xb346a108 code [0xb346a200, 0xb346a270]
Event: 1.461 Thread 0x6a497000   60             java.lang.System::getSecurityManager (4 bytes)
Event: 1.461 Thread 0x6a497000 nmethod 60 0xb3467dc8 code [0xb3467ea0, 0xb3467ed0]

GC Heap History (0 events):
No events

Deoptimization events (0 events):
No events

Internal exceptions (10 events):
Event: 0.217 Thread 0xb6407c00 Threw 0x9eb30b90 at /home/jmm/openjdk-7-7u55-2.4.7/build/openjdk/hotspot/src/share/vm/prims/jvm.cpp:1244
Event: 0.217 Thread 0xb6407c00 Threw 0x9eb30ca8 at /home/jmm/openjdk-7-7u55-2.4.7/build/openjdk/hotspot/src/share/vm/prims/jvm.cpp:1244
Event: 0.218 Thread 0xb6407c00 Threw 0x9eb327c0 at /home/jmm/openjdk-7-7u55-2.4.7/build/openjdk/hotspot/src/share/vm/prims/jvm.cpp:1244
Event: 0.218 Thread 0xb6407c00 Threw 0x9eb328d8 at /home/jmm/openjdk-7-7u55-2.4.7/build/openjdk/hotspot/src/share/vm/prims/jvm.cpp:1244
Event: 0.218 Thread 0xb6407c00 Threw 0x9eb33220 at /home/jmm/openjdk-7-7u55-2.4.7/build/openjdk/hotspot/src/share/vm/prims/jvm.cpp:1244
Event: 0.218 Thread 0xb6407c00 Threw 0x9eb33338 at /home/jmm/openjdk-7-7u55-2.4.7/build/openjdk/hotspot/src/share/vm/prims/jvm.cpp:1244
Event: 0.218 Thread 0xb6407c00 Threw 0x9eb34260 at /home/jmm/openjdk-7-7u55-2.4.7/build/openjdk/hotspot/src/share/vm/prims/jvm.cpp:1244
Event: 0.218 Thread 0xb6407c00 Threw 0x9eb34378 at /home/jmm/openjdk-7-7u55-2.4.7/build/openjdk/hotspot/src/share/vm/prims/jvm.cpp:1244
Event: 0.218 Thread 0xb6407c00 Threw 0x9eb34c58 at /home/jmm/openjdk-7-7u55-2.4.7/build/openjdk/hotspot/src/share/vm/prims/jvm.cpp:1244
Event: 0.218 Thread 0xb6407c00 Threw 0x9eb34d70 at /home/jmm/openjdk-7-7u55-2.4.7/build/openjdk/hotspot/src/share/vm/prims/jvm.cpp:1244

Events (10 events):
Event: 0.365 loading class 0x6a25fc28
Event: 0.365 loading class 0x6a25fc28 done
Event: 0.365 loading class 0x6a261a50
Event: 0.366 loading class 0x6a261a50 done
Event: 0.366 loading class 0x6a261b10
Event: 0.366 loading class 0x6a261b10 done
Event: 0.366 loading class 0x6d331068
Event: 0.366 loading class 0x6d331068 done
Event: 1.460 loading class 0x6d313910
Event: 1.461 loading class 0x6d313910 done


Dynamic libraries:
08048000-08049000 r-xp 00000000 08:06 5374625    /usr/lib/jvm/java-7-openjdk-i386/jre/bin/java
08049000-0804a000 r--p 00000000 08:06 5374625    /usr/lib/jvm/java-7-openjdk-i386/jre/bin/java
0804a000-0804b000 rw-p 00001000 08:06 5374625    /usr/lib/jvm/java-7-openjdk-i386/jre/bin/java
0922a000-0924b000 rw-p 00000000 00:00 0          [heap]
68700000-6872a000 rw-p 00000000 00:00 0 
6872a000-68800000 ---p 00000000 00:00 0 
68900000-68929000 rw-p 00000000 00:00 0 
68929000-68a00000 ---p 00000000 00:00 0 
68ade000-68ae1000 ---p 00000000 00:00 0 
68ae1000-68b2f000 rwxp 00000000 00:00 0          [stack:12939]
68b2f000-68b32000 ---p 00000000 00:00 0 
68b32000-68b80000 rwxp 00000000 00:00 0          [stack:12938]
68b80000-68b86000 r-xp 00000000 08:06 5376688    /usr/lib/i386-linux-gnu/libffi.so.6.0.2
68b86000-68b87000 r--p 00005000 08:06 5376688    /usr/lib/i386-linux-gnu/libffi.so.6.0.2
68b87000-68b88000 rw-p 00006000 08:06 5376688    /usr/lib/i386-linux-gnu/libffi.so.6.0.2
68b88000-68b8b000 r-xp 00000000 08:06 6161166    /lib/i386-linux-gnu/libgpg-error.so.0.8.0
68b8b000-68b8c000 rw-p 00002000 08:06 6161166    /lib/i386-linux-gnu/libgpg-error.so.0.8.0
68b8c000-68bd5000 r-xp 00000000 08:06 6160824    /lib/i386-linux-gnu/libdbus-1.so.3.7.2
68bd5000-68bd6000 r--p 00049000 08:06 6160824    /lib/i386-linux-gnu/libdbus-1.so.3.7.2
68bd6000-68bd7000 rw-p 0004a000 08:06 6160824    /lib/i386-linux-gnu/libdbus-1.so.3.7.2
68bd7000-68c13000 r-xp 00000000 08:06 5380860    /usr/lib/i386-linux-gnu/libp11-kit.so.0.0.0
68c13000-68c17000 r--p 0003b000 08:06 5380860    /usr/lib/i386-linux-gnu/libp11-kit.so.0.0.0
68c17000-68c18000 rw-p 0003f000 08:06 5380860    /usr/lib/i386-linux-gnu/libp11-kit.so.0.0.0
68c18000-68c99000 r-xp 00000000 08:06 6161162    /lib/i386-linux-gnu/libgcrypt.so.11.7.0
68c99000-68c9a000 ---p 00081000 08:06 6161162    /lib/i386-linux-gnu/libgcrypt.so.11.7.0
68c9a000-68c9b000 r--p 00081000 08:06 6161162    /lib/i386-linux-gnu/libgcrypt.so.11.7.0
68c9b000-68c9d000 rw-p 00082000 08:06 6161162    /lib/i386-linux-gnu/libgcrypt.so.11.7.0
68c9d000-68cad000 r-xp 00000000 08:06 5377026    /usr/lib/i386-linux-gnu/libtasn1.so.3.1.16
68cad000-68cae000 r--p 0000f000 08:06 5377026    /usr/lib/i386-linux-gnu/libtasn1.so.3.1.16
68cae000-68caf000 rw-p 00010000 08:06 5377026    /usr/lib/i386-linux-gnu/libtasn1.so.3.1.16
68caf000-68cb2000 r-xp 00000000 08:06 6161177    /lib/i386-linux-gnu/libkeyutils.so.1.4
68cb2000-68cb3000 r--p 00002000 08:06 6161177    /lib/i386-linux-gnu/libkeyutils.so.1.4
68cb3000-68cb4000 rw-p 00003000 08:06 6161177    /lib/i386-linux-gnu/libkeyutils.so.1.4
68cb4000-68cbb000 r-xp 00000000 08:06 5376540    /usr/lib/i386-linux-gnu/libkrb5support.so.0.1
68cbb000-68cbc000 r--p 00007000 08:06 5376540    /usr/lib/i386-linux-gnu/libkrb5support.so.0.1
68cbc000-68cbd000 rw-p 00008000 08:06 5376540    /usr/lib/i386-linux-gnu/libkrb5support.so.0.1
68cbd000-68cc0000 r-xp 00000000 08:06 6161141    /lib/i386-linux-gnu/libcom_err.so.2.1
68cc0000-68cc1000 r--p 00002000 08:06 6161141    /lib/i386-linux-gnu/libcom_err.so.2.1
68cc1000-68cc2000 rw-p 00003000 08:06 6161141    /lib/i386-linux-gnu/libcom_err.so.2.1
68cc2000-68ce9000 r-xp 00000000 08:06 5376521    /usr/lib/i386-linux-gnu/libk5crypto.so.3.1
68ce9000-68cea000 r--p 00026000 08:06 5376521    /usr/lib/i386-linux-gnu/libk5crypto.so.3.1
68cea000-68ceb000 rw-p 00027000 08:06 5376521    /usr/lib/i386-linux-gnu/libk5crypto.so.3.1
68ceb000-68cec000 rw-p 00000000 00:00 0 
68cec000-68db7000 r-xp 00000000 08:06 5376537    /usr/lib/i386-linux-gnu/libkrb5.so.3.3
68db7000-68dbd000 r--p 000ca000 08:06 5376537    /usr/lib/i386-linux-gnu/libkrb5.so.3.3
68dbd000-68dbe000 rw-p 000d0000 08:06 5376537    /usr/lib/i386-linux-gnu/libkrb5.so.3.3
68dbe000-68dc3000 r-xp 00000000 08:06 5375800    /usr/lib/i386-linux-gnu/libXdmcp.so.6.0.0
68dc3000-68dc4000 rw-p 00004000 08:06 5375800    /usr/lib/i386-linux-gnu/libXdmcp.so.6.0.0
68dc4000-68dc6000 r-xp 00000000 08:06 5375781    /usr/lib/i386-linux-gnu/libXau.so.6.0.0
68dc6000-68dc7000 rw-p 00001000 08:06 5375781    /usr/lib/i386-linux-gnu/libXau.so.6.0.0
68dc7000-68dd7000 r-xp 00000000 08:06 5375890    /usr/lib/i386-linux-gnu/libavahi-client.so.3.2.9
68dd7000-68dd8000 r--p 0000f000 08:06 5375890    /usr/lib/i386-linux-gnu/libavahi-client.so.3.2.9
68dd8000-68dd9000 rw-p 00010000 08:06 5375890    /usr/lib/i386-linux-gnu/libavahi-client.so.3.2.9
68dd9000-68de5000 r-xp 00000000 08:06 5375892    /usr/lib/i386-linux-gnu/libavahi-common.so.3.5.3
68de5000-68de6000 r--p 0000b000 08:06 5375892    /usr/lib/i386-linux-gnu/libavahi-common.so.3.5.3
68de6000-68de7000 rw-p 0000c000 08:06 5375892    /usr/lib/i386-linux-gnu/libavahi-common.so.3.5.3
68de7000-68eaa000 r-xp 00000000 08:06 5374208    /usr/lib/i386-linux-gnu/libgnutls.so.26.22.4
68eaa000-68eae000 r--p 000c2000 08:06 5374208    /usr/lib/i386-linux-gnu/libgnutls.so.26.22.4
68eae000-68eaf000 rw-p 000c6000 08:06 5374208    /usr/lib/i386-linux-gnu/libgnutls.so.26.22.4
68eaf000-68eb0000 rw-p 00000000 00:00 0 
68eb0000-68eec000 r-xp 00000000 08:06 5376382    /usr/lib/i386-linux-gnu/libgssapi_krb5.so.2.2
68eec000-68eed000 r--p 0003b000 08:06 5376382    /usr/lib/i386-linux-gnu/libgssapi_krb5.so.2.2
68eed000-68eee000 rw-p 0003c000 08:06 5376382    /usr/lib/i386-linux-gnu/libgssapi_krb5.so.2.2
68eee000-68f2b000 r-xp 00000000 08:06 6161230    /lib/i386-linux-gnu/libpcre.so.3.13.1
68f2b000-68f2c000 rw-p 0003c000 08:06 6161230    /lib/i386-linux-gnu/libpcre.so.3.13.1
68f2c000-68f34000 r-xp 00000000 08:06 5376104    /usr/lib/i386-linux-gnu/libffi.so.5.0.10
68f34000-68f35000 rw-p 00008000 08:06 5376104    /usr/lib/i386-linux-gnu/libffi.so.5.0.10
68f35000-68f5a000 r-xp 00000000 08:06 6161094    /lib/i386-linux-gnu/libexpat.so.1.6.0
68f5a000-68f5c000 r--p 00025000 08:06 6161094    /lib/i386-linux-gnu/libexpat.so.1.6.0
68f5c000-68f5d000 rw-p 00027000 08:06 6161094    /lib/i386-linux-gnu/libexpat.so.1.6.0
68f5d000-68f66000 r-xp 00000000 08:06 5377203    /usr/lib/i386-linux-gnu/libxcb-render.so.0.0.0
68f66000-68f67000 r--p 00008000 08:06 5377203    /usr/lib/i386-linux-gnu/libxcb-render.so.0.0.0
68f67000-68f68000 rw-p 00009000 08:06 5377203    /usr/lib/i386-linux-gnu/libxcb-render.so.0.0.0
68f68000-69018000 r-xp 00000000 08:06 5376483    /usr/lib/i386-linux-gnu/libpixman-1.so.0.32.6
69018000-6901e000 r--p 000af000 08:06 5376483    /usr/lib/i386-linux-gnu/libpixman-1.so.0.32.6
6901e000-6901f000 rw-p 000b5000 08:06 5376483    /usr/lib/i386-linux-gnu/libpixman-1.so.0.32.6
6901f000-69047000 r-xp 00000000 08:06 6161232    /lib/i386-linux-gnu/libpng12.so.0.49.0
69047000-69048000 r--p 00027000 08:06 6161232    /lib/i386-linux-gnu/libpng12.so.0.49.0
69048000-69049000 rw-p 00028000 08:06 6161232    /lib/i386-linux-gnu/libpng12.so.0.49.0
69049000-6905c000 r-xp 00000000 08:06 6174303    /lib/i386-linux-gnu/i686/cmov/libresolv-2.19.so
6905c000-6905e000 r--p 00012000 08:06 6174303    /lib/i386-linux-gnu/i686/cmov/libresolv-2.19.so
6905e000-6905f000 rw-p 00014000 08:06 6174303    /lib/i386-linux-gnu/i686/cmov/libresolv-2.19.so
6905f000-69061000 rw-p 00000000 00:00 0 
69061000-6907f000 r-xp 00000000 08:06 6161247    /lib/i386-linux-gnu/libselinux.so.1
6907f000-69080000 r--p 0001d000 08:06 6161247    /lib/i386-linux-gnu/libselinux.so.1
69080000-69081000 rw-p 0001e000 08:06 6161247    /lib/i386-linux-gnu/libselinux.so.1
69081000-69084000 r-xp 00000000 08:06 5376218    /usr/lib/i386-linux-gnu/libgmodule-2.0.so.0.3200.4
69084000-69085000 r--p 00002000 08:06 5376218    /usr/lib/i386-linux-gnu/libgmodule-2.0.so.0.3200.4
69085000-69086000 rw-p 00003000 08:06 5376218    /usr/lib/i386-linux-gnu/libgmodule-2.0.so.0.3200.4
69086000-6908f000 r-xp 00000000 08:06 5375792    /usr/lib/i386-linux-gnu/libXcursor.so.1.0.2
6908f000-69090000 rw-p 00009000 08:06 5375792    /usr/lib/i386-linux-gnu/libXcursor.so.1.0.2
69090000-690b1000 r-xp 00000000 08:06 5377219    /usr/lib/i386-linux-gnu/libxcb.so.1.1.0
690b1000-690b2000 r--p 00020000 08:06 5377219    /usr/lib/i386-linux-gnu/libxcb.so.1.1.0
690b2000-690b3000 rw-p 00021000 08:06 5377219    /usr/lib/i386-linux-gnu/libxcb.so.1.1.0
690b3000-69105000 r-xp 00000000 08:06 5374272    /usr/lib/i386-linux-gnu/libcups.so.2
69105000-69108000 r--p 00051000 08:06 5374272    /usr/lib/i386-linux-gnu/libcups.so.2
69108000-69109000 rw-p 00054000 08:06 5374272    /usr/lib/i386-linux-gnu/libcups.so.2
69109000-69204000 r-xp 00000000 08:06 6161164    /lib/i386-linux-gnu/libglib-2.0.so.0.3200.4
69204000-69205000 r--p 000fa000 08:06 6161164    /lib/i386-linux-gnu/libglib-2.0.so.0.3200.4
69205000-69206000 rw-p 000fb000 08:06 6161164    /lib/i386-linux-gnu/libglib-2.0.so.0.3200.4
69206000-69256000 r-xp 00000000 08:06 5376290    /usr/lib/i386-linux-gnu/libgobject-2.0.so.0.3200.4
69256000-69257000 r--p 00050000 08:06 5376290    /usr/lib/i386-linux-gnu/libgobject-2.0.so.0.3200.4
69257000-69258000 rw-p 00051000 08:06 5376290    /usr/lib/i386-linux-gnu/libgobject-2.0.so.0.3200.4
69258000-6928c000 r-xp 00000000 08:06 5376145    /usr/lib/i386-linux-gnu/libfontconfig.so.1.5.0
6928c000-6928d000 r--p 00033000 08:06 5376145    /usr/lib/i386-linux-gnu/libfontconfig.so.1.5.0
6928d000-6928e000 rw-p 00034000 08:06 5376145    /usr/lib/i386-linux-gnu/libfontconfig.so.1.5.0
6928e000-69325000 r-xp 00000000 08:06 5376156    /usr/lib/i386-linux-gnu/libfreetype.so.6.8.1
69325000-69329000 r--p 00096000 08:06 5376156    /usr/lib/i386-linux-gnu/libfreetype.so.6.8.1
69329000-6932a000 rw-p 0009a000 08:06 5376156    /usr/lib/i386-linux-gnu/libfreetype.so.6.8.1
6932a000-69374000 r-xp 00000000 08:06 5376700    /usr/lib/i386-linux-gnu/libpango-1.0.so.0.3000.0
69374000-69375000 r--p 0004a000 08:06 5376700    /usr/lib/i386-linux-gnu/libpango-1.0.so.0.3000.0
69375000-69376000 rw-p 0004b000 08:06 5376700    /usr/lib/i386-linux-gnu/libpango-1.0.so.0.3000.0
69376000-69480000 r-xp 00000000 08:06 5375939    /usr/lib/i386-linux-gnu/libcairo.so.2.11200.2
69480000-69482000 r--p 00109000 08:06 5375939    /usr/lib/i386-linux-gnu/libcairo.so.2.11200.2
69482000-69483000 rw-p 0010b000 08:06 5375939    /usr/lib/i386-linux-gnu/libcairo.so.2.11200.2
69483000-69484000 rw-p 00000000 00:00 0 
69484000-695df000 r-xp 00000000 08:06 5376202    /usr/lib/i386-linux-gnu/libgio-2.0.so.0.3200.4
695df000-695e0000 ---p 0015b000 08:06 5376202    /usr/lib/i386-linux-gnu/libgio-2.0.so.0.3200.4
695e0000-695e2000 r--p 0015b000 08:06 5376202    /usr/lib/i386-linux-gnu/libgio-2.0.so.0.3200.4
695e2000-695e3000 rw-p 0015d000 08:06 5376202    /usr/lib/i386-linux-gnu/libgio-2.0.so.0.3200.4
695e3000-695e4000 rw-p 00000000 00:00 0 
695e4000-69692000 r-xp 00000000 08:06 5376181    /usr/lib/i386-linux-gnu/libgdk-x11-2.0.so.0.2400.10
69692000-69695000 rw-p 000ad000 08:06 5376181    /usr/lib/i386-linux-gnu/libgdk-x11-2.0.so.0.2400.10
69695000-69b01000 r-xp 00000000 08:06 5376446    /usr/lib/i386-linux-gnu/libgtk-x11-2.0.so.0.2400.10
69b01000-69b07000 rw-p 0046b000 08:06 5376446    /usr/lib/i386-linux-gnu/libgtk-x11-2.0.so.0.2400.10
69b07000-69b08000 rw-p 00000000 00:00 0 
69b08000-69c3c000 r-xp 00000000 08:06 5375775    /usr/lib/i386-linux-gnu/libX11.so.6.3.0
69c3c000-69c40000 rw-p 00133000 08:06 5375775    /usr/lib/i386-linux-gnu/libX11.so.6.3.0
69c40000-69cd4000 r-xp 00000000 08:06 5377264    /usr/lib/jvm/java-7-openjdk-i386/jre/lib/i386/libawt.so
69cd4000-69cd5000 r--p 00093000 08:06 5377264    /usr/lib/jvm/java-7-openjdk-i386/jre/lib/i386/libawt.so
69cd5000-69cdc000 rw-p 00094000 08:06 5377264    /usr/lib/jvm/java-7-openjdk-i386/jre/lib/i386/libawt.so
69cdc000-69d00000 rw-p 00000000 00:00 0 
69d00000-69df9000 rw-p 00000000 00:00 0 
69df9000-69e00000 ---p 00000000 00:00 0 
69e00000-69e02000 r-xp 00000000 08:06 5377209    /usr/lib/i386-linux-gnu/libxcb-shm.so.0.0.0
69e02000-69e03000 r--p 00001000 08:06 5377209    /usr/lib/i386-linux-gnu/libxcb-shm.so.0.0.0
69e03000-69e04000 rw-p 00002000 08:06 5377209    /usr/lib/i386-linux-gnu/libxcb-shm.so.0.0.0
69e04000-69e0b000 r-xp 00000000 08:06 5375834    /usr/lib/i386-linux-gnu/libXrandr.so.2.2.0
69e0b000-69e0c000 rw-p 00006000 08:06 5375834    /usr/lib/i386-linux-gnu/libXrandr.so.2.2.0
69e0c000-69e5f000 r-xp 00000000 08:06 5374590    /usr/lib/jvm/java-7-openjdk-i386/jre/lib/i386/xawt/libmawt.so
69e5f000-69e60000 r--p 00052000 08:06 5374590    /usr/lib/jvm/java-7-openjdk-i386/jre/lib/i386/xawt/libmawt.so
69e60000-69e62000 rw-p 00053000 08:06 5374590    /usr/lib/jvm/java-7-openjdk-i386/jre/lib/i386/xawt/libmawt.so
69e62000-69e63000 rw-p 00000000 00:00 0 
69e63000-69ead000 r--s 00409000 08:06 2776512    /home/mars/Downloads/decompile/WhatsApp.jar
69ead000-69eae000 ---p 00000000 00:00 0 
69eae000-69f7f000 rwxp 00000000 00:00 0          [stack:12936]
69f7f000-69f80000 ---p 00000000 00:00 0 
69f80000-6a000000 rwxp 00000000 00:00 0          [stack:12935]
6a000000-6a021000 rw-p 00000000 00:00 0 
6a021000-6a100000 ---p 00000000 00:00 0 
6a100000-6a102000 r-xp 00000000 08:06 5375820    /usr/lib/i386-linux-gnu/libXinerama.so.1.0.0
6a102000-6a103000 rw-p 00001000 08:06 5375820    /usr/lib/i386-linux-gnu/libXinerama.so.1.0.0
6a103000-6a107000 r-xp 00000000 08:06 5375808    /usr/lib/i386-linux-gnu/libXfixes.so.3.1.0
6a107000-6a108000 r--p 00003000 08:06 5375808    /usr/lib/i386-linux-gnu/libXfixes.so.3.1.0
6a108000-6a109000 rw-p 00004000 08:06 5375808    /usr/lib/i386-linux-gnu/libXfixes.so.3.1.0
6a109000-6a10b000 r-xp 00000000 08:06 5375796    /usr/lib/i386-linux-gnu/libXdamage.so.1.1.0
6a10b000-6a10c000 rw-p 00001000 08:06 5375796    /usr/lib/i386-linux-gnu/libXdamage.so.1.1.0
6a10c000-6a12c000 r-xp 00000000 08:06 5376184    /usr/lib/i386-linux-gnu/libgdk_pixbuf-2.0.so.0.2600.1
6a12c000-6a12d000 r--p 0001f000 08:06 5376184    /usr/lib/i386-linux-gnu/libgdk_pixbuf-2.0.so.0.2600.1
6a12d000-6a12e000 rw-p 00020000 08:06 5376184    /usr/lib/i386-linux-gnu/libgdk_pixbuf-2.0.so.0.2600.1
6a12e000-6a12f000 ---p 00000000 00:00 0 
6a12f000-6a200000 rwxp 00000000 00:00 0          [stack:12933]
6a200000-6a2fe000 rw-p 00000000 00:00 0 
6a2fe000-6a300000 ---p 00000000 00:00 0 
6a300000-6a32c000 r-xp 00000000 08:06 5376708    /usr/lib/i386-linux-gnu/libpangoft2-1.0.so.0.3000.0
6a32c000-6a32d000 r--p 0002b000 08:06 5376708    /usr/lib/i386-linux-gnu/libpangoft2-1.0.so.0.3000.0
6a32d000-6a32e000 rw-p 0002c000 08:06 5376708    /usr/lib/i386-linux-gnu/libpangoft2-1.0.so.0.3000.0
6a32e000-6a37f000 rwxp 00000000 00:00 0          [stack:12932]
6a37f000-6a380000 ---p 00000000 00:00 0 
6a380000-6a400000 rwxp 00000000 00:00 0          [stack:12930]
6a400000-6a4fd000 rw-p 00000000 00:00 0 
6a4fd000-6a500000 ---p 00000000 00:00 0 
6a502000-6a504000 r-xp 00000000 08:06 5375788    /usr/lib/i386-linux-gnu/libXcomposite.so.1.0.0
6a504000-6a505000 rw-p 00001000 08:06 5375788    /usr/lib/i386-linux-gnu/libXcomposite.so.1.0.0
6a505000-6a524000 r-xp 00000000 08:06 5375882    /usr/lib/i386-linux-gnu/libatk-1.0.so.0.20409.1
6a524000-6a526000 r--p 0001e000 08:06 5375882    /usr/lib/i386-linux-gnu/libatk-1.0.so.0.20409.1
6a526000-6a527000 rw-p 00020000 08:06 5375882    /usr/lib/i386-linux-gnu/libatk-1.0.so.0.20409.1
6a527000-6a6d6000 r--s 01cfb000 08:06 5379565    /usr/lib/jvm/java-7-openjdk-i386/jre/lib/rt.jar
6a6d6000-6ce00000 rw-p 00000000 00:00 0 
6ce00000-6cec9000 rw-p 00000000 00:00 0 
6cec9000-6cf00000 ---p 00000000 00:00 0 
6cf02000-6cf0d000 r-xp 00000000 08:06 5376704    /usr/lib/i386-linux-gnu/libpangocairo-1.0.so.0.3000.0
6cf0d000-6cf0e000 r--p 0000b000 08:06 5376704    /usr/lib/i386-linux-gnu/libpangocairo-1.0.so.0.3000.0
6cf0e000-6cf0f000 rw-p 0000c000 08:06 5376704    /usr/lib/i386-linux-gnu/libpangocairo-1.0.so.0.3000.0
6cf0f000-6cf1d000 r-xp 00000000 08:06 5375816    /usr/lib/i386-linux-gnu/libXi.so.6.1.0
6cf1d000-6cf1e000 rw-p 0000e000 08:06 5375816    /usr/lib/i386-linux-gnu/libXi.so.6.1.0
6cf1e000-6cf23000 r-xp 00000000 08:06 5375846    /usr/lib/i386-linux-gnu/libXtst.so.6.1.0
6cf23000-6cf24000 rw-p 00004000 08:06 5375846    /usr/lib/i386-linux-gnu/libXtst.so.6.1.0
6cf24000-6cf2d000 r-xp 00000000 08:06 5375838    /usr/lib/i386-linux-gnu/libXrender.so.1.3.0
6cf2d000-6cf2e000 rw-p 00008000 08:06 5375838    /usr/lib/i386-linux-gnu/libXrender.so.1.3.0
6cf2e000-6cf7f000 rwxp 00000000 00:00 0          [stack:12931]
6cf7f000-6cf80000 ---p 00000000 00:00 0 
6cf80000-6d000000 rwxp 00000000 00:00 0          [stack:12929]
6d000000-6d021000 rw-p 00000000 00:00 0 
6d021000-6d100000 ---p 00000000 00:00 0 
6d101000-6d102000 r-xp 00000000 08:06 5376437    /usr/lib/i386-linux-gnu/libgthread-2.0.so.0.3200.4
6d102000-6d103000 r--p 00000000 08:06 5376437    /usr/lib/i386-linux-gnu/libgthread-2.0.so.0.3200.4
6d103000-6d104000 rw-p 00001000 08:06 5376437    /usr/lib/i386-linux-gnu/libgthread-2.0.so.0.3200.4
6d104000-6d115000 r-xp 00000000 08:06 5375804    /usr/lib/i386-linux-gnu/libXext.so.6.4.0
6d115000-6d116000 rw-p 00010000 08:06 5375804    /usr/lib/i386-linux-gnu/libXext.so.6.4.0
6d12d000-6d136000 r--s 000b9000 08:06 5376598    /usr/lib/jvm/java-7-openjdk-i386/jre/lib/resources.jar
6d136000-6d17f000 rw-p 00000000 00:00 0 
6d17f000-6d180000 ---p 00000000 00:00 0 
6d180000-6d200000 rwxp 00000000 00:00 0          [stack:12928]
6d200000-6d221000 rw-p 00000000 00:00 0 
6d221000-6d300000 ---p 00000000 00:00 0 
6d301000-6d306000 r--s 0002e000 08:06 2701089    /home/mars/NetBeansProjects/practice/lib/gson-2.3.jar
6d306000-6d309000 r--s 0003d000 08:06 2701088    /home/mars/NetBeansProjects/practice/lib/gson-2.3-javadoc.jar
6d309000-6d37f000 rw-p 00000000 00:00 0 
6d37f000-6d380000 ---p 00000000 00:00 0 
6d380000-6d400000 rwxp 00000000 00:00 0          [stack:12927]
6d400000-6d421000 rw-p 00000000 00:00 0 
6d421000-6d500000 ---p 00000000 00:00 0 
6d500000-6d508000 r--s 000c3000 08:06 2645019    /home/mars/netbeans-7.4/ide/modules/ext/mysql-connector-java-5.1.23-bin.jar
6d508000-6d509000 ---p 00000000 00:00 0 
6d509000-6d589000 rwxp 00000000 00:00 0          [stack:12926]
6d589000-6d591000 rw-p 00000000 00:00 0 
6d591000-6d5c9000 rw-p 00000000 00:00 0 
6d5c9000-6d5de000 rw-p 00000000 00:00 0 
6d5de000-6d712000 rw-p 00000000 00:00 0 
6d712000-6d71a000 rw-p 00000000 00:00 0 
6d71a000-6d752000 rw-p 00000000 00:00 0 
6d752000-6d767000 rw-p 00000000 00:00 0 
6d767000-6d89a000 rw-p 00000000 00:00 0 
6d89a000-6d8a5000 rw-p 00000000 00:00 0 
6d8a5000-6d93f000 rw-p 00000000 00:00 0 
6d93f000-6e940000 rw-p 00000000 00:00 0 
6e940000-75940000 rw-p 00000000 00:00 0 
75940000-78240000 rw-p 00000000 00:00 0 
78240000-9ea80000 rw-p 00000000 00:00 0 
9ea80000-9ff00000 rw-p 00000000 00:00 0 
9ff00000-b3340000 rw-p 00000000 00:00 0 
b3340000-b3349000 rw-p 00000000 00:00 0 
b3349000-b3400000 rw-p 00000000 00:00 0 
b3400000-b3640000 rwxp 00000000 00:00 0 
b3640000-b6500000 rw-p 00000000 00:00 0 
b6500000-b6506000 r--s 00023000 08:06 2699671    /home/mars/NetBeansProjects/Watamu/lib/jcalendar-1.4.jar
b6506000-b650d000 r--s 000b1000 08:06 2691370    /home/mars/NetBeansProjects/Mars/libraries/mysql-connector-java-5.1.13-bin.jar
b650d000-b6518000 r-xp 00000000 08:06 6174298    /lib/i386-linux-gnu/i686/cmov/libnss_files-2.19.so
b6518000-b6519000 r--p 0000a000 08:06 6174298    /lib/i386-linux-gnu/i686/cmov/libnss_files-2.19.so
b6519000-b651a000 rw-p 0000b000 08:06 6174298    /lib/i386-linux-gnu/i686/cmov/libnss_files-2.19.so
b651a000-b6524000 r-xp 00000000 08:06 6174300    /lib/i386-linux-gnu/i686/cmov/libnss_nis-2.19.so
b6524000-b6525000 r--p 00009000 08:06 6174300    /lib/i386-linux-gnu/i686/cmov/libnss_nis-2.19.so
b6525000-b6526000 rw-p 0000a000 08:06 6174300    /lib/i386-linux-gnu/i686/cmov/libnss_nis-2.19.so
b6526000-b653b000 r-xp 00000000 08:06 6174294    /lib/i386-linux-gnu/i686/cmov/libnsl-2.19.so
b653b000-b653c000 r--p 00015000 08:06 6174294    /lib/i386-linux-gnu/i686/cmov/libnsl-2.19.so
b653c000-b653d000 rw-p 00016000 08:06 6174294    /lib/i386-linux-gnu/i686/cmov/libnsl-2.19.so
b653d000-b653f000 rw-p 00000000 00:00 0 
b6541000-b6542000 r--s 00005000 08:06 2701087    /home/mars/NetBeansProjects/practice/lib/json-simple-1.1.1.jar
b6542000-b6543000 r--s 00002000 08:06 5376482    /usr/lib/jvm/java-7-openjdk-i386/jre/lib/ext/dnsns.jar
b6543000-b6545000 r--s 0000f000 08:06 5376582    /usr/lib/jvm/java-7-openjdk-i386/jre/lib/ext/pulse-java.jar
b6545000-b6549000 r--s 00085000 08:06 5374634    /usr/lib/jvm/java-7-openjdk-i386/jre/lib/ext/localedata.jar
b6549000-b654d000 r--s 0003b000 08:06 5376486    /usr/lib/jvm/java-7-openjdk-i386/jre/lib/ext/sunpkcs11.jar
b654d000-b6555000 r-xp 00000000 08:06 5379036    /usr/lib/jvm/java-7-openjdk-i386/jre/lib/i386/libzip.so
b6555000-b6556000 r--p 00007000 08:06 5379036    /usr/lib/jvm/java-7-openjdk-i386/jre/lib/i386/libzip.so
b6556000-b6557000 rw-p 00008000 08:06 5379036    /usr/lib/jvm/java-7-openjdk-i386/jre/lib/i386/libzip.so
b6557000-b655f000 rw-s 00000000 08:06 3223774    /tmp/hsperfdata_mars/12921
b655f000-b6586000 r-xp 00000000 08:06 5376983    /usr/lib/jvm/java-7-openjdk-i386/jre/lib/i386/libjava.so
b6586000-b6587000 r--p 00026000 08:06 5376983    /usr/lib/jvm/java-7-openjdk-i386/jre/lib/i386/libjava.so
b6587000-b6588000 rw-p 00027000 08:06 5376983    /usr/lib/jvm/java-7-openjdk-i386/jre/lib/i386/libjava.so
b6588000-b658f000 r-xp 00000000 08:06 6174304    /lib/i386-linux-gnu/i686/cmov/librt-2.19.so
b658f000-b6590000 r--p 00006000 08:06 6174304    /lib/i386-linux-gnu/i686/cmov/librt-2.19.so
b6590000-b6591000 rw-p 00007000 08:06 6174304    /lib/i386-linux-gnu/i686/cmov/librt-2.19.so
b6591000-b6592000 rw-p 00000000 00:00 0 
b6592000-b65e2000 rwxp 00000000 00:00 0          [stack:12925]
b65e2000-b65fe000 r-xp 00000000 08:06 6161158    /lib/i386-linux-gnu/libgcc_s.so.1
b65fe000-b65ff000 rw-p 0001b000 08:06 6161158    /lib/i386-linux-gnu/libgcc_s.so.1
b65ff000-b6643000 r-xp 00000000 08:06 6174292    /lib/i386-linux-gnu/i686/cmov/libm-2.19.so
b6643000-b6644000 r--p 00043000 08:06 6174292    /lib/i386-linux-gnu/i686/cmov/libm-2.19.so
b6644000-b6645000 rw-p 00044000 08:06 6174292    /lib/i386-linux-gnu/i686/cmov/libm-2.19.so
b6645000-b672b000 r-xp 00000000 08:06 5380776    /usr/lib/i386-linux-gnu/libstdc++.so.6.0.20
b672b000-b672f000 r--p 000e6000 08:06 5380776    /usr/lib/i386-linux-gnu/libstdc++.so.6.0.20
b672f000-b6730000 rw-p 000ea000 08:06 5380776    /usr/lib/i386-linux-gnu/libstdc++.so.6.0.20
b6730000-b6737000 rw-p 00000000 00:00 0 
b6737000-b70df000 r-xp 00000000 08:06 5379040    /usr/lib/jvm/java-7-openjdk-i386/jre/lib/i386/server/libjvm.so
b70df000-b7134000 r--p 009a7000 08:06 5379040    /usr/lib/jvm/java-7-openjdk-i386/jre/lib/i386/server/libjvm.so
b7134000-b7148000 rw-p 009fc000 08:06 5379040    /usr/lib/jvm/java-7-openjdk-i386/jre/lib/i386/server/libjvm.so
b7148000-b7566000 rw-p 00000000 00:00 0 
b7566000-b757d000 r-xp 00000000 08:06 6161279    /lib/i386-linux-gnu/libz.so.1.2.7
b757d000-b757e000 r--p 00016000 08:06 6161279    /lib/i386-linux-gnu/libz.so.1.2.7
b757e000-b757f000 rw-p 00017000 08:06 6161279    /lib/i386-linux-gnu/libz.so.1.2.7
b757f000-b7724000 r-xp 00000000 08:06 6174286    /lib/i386-linux-gnu/i686/cmov/libc-2.19.so
b7724000-b7726000 r--p 001a5000 08:06 6174286    /lib/i386-linux-gnu/i686/cmov/libc-2.19.so
b7726000-b7727000 rw-p 001a7000 08:06 6174286    /lib/i386-linux-gnu/i686/cmov/libc-2.19.so
b7727000-b772a000 rw-p 00000000 00:00 0 
b772a000-b772d000 r-xp 00000000 08:06 6174291    /lib/i386-linux-gnu/i686/cmov/libdl-2.19.so
b772d000-b772e000 r--p 00002000 08:06 6174291    /lib/i386-linux-gnu/i686/cmov/libdl-2.19.so
b772e000-b772f000 rw-p 00003000 08:06 6174291    /lib/i386-linux-gnu/i686/cmov/libdl-2.19.so
b772f000-b773c000 r-xp 00000000 08:06 5376984    /usr/lib/jvm/java-7-openjdk-i386/jre/lib/i386/jli/libjli.so
b773c000-b773d000 r--p 0000c000 08:06 5376984    /usr/lib/jvm/java-7-openjdk-i386/jre/lib/i386/jli/libjli.so
b773d000-b773e000 rw-p 0000d000 08:06 5376984    /usr/lib/jvm/java-7-openjdk-i386/jre/lib/i386/jli/libjli.so
b773e000-b773f000 rw-p 00000000 00:00 0 
b773f000-b7757000 r-xp 00000000 08:06 6161070    /lib/i386-linux-gnu/i686/cmov/libpthread-2.19.so
b7757000-b7758000 r--p 00017000 08:06 6161070    /lib/i386-linux-gnu/i686/cmov/libpthread-2.19.so
b7758000-b7759000 rw-p 00018000 08:06 6161070    /lib/i386-linux-gnu/i686/cmov/libpthread-2.19.so
b7759000-b775b000 rw-p 00000000 00:00 0 
b775b000-b775d000 r--s 00012000 08:06 5375652    /usr/lib/jvm/java-7-openjdk-i386/jre/lib/ext/zipfs.jar
b775d000-b775e000 r--s 00007000 08:06 932865     /usr/share/java/java-atk-wrapper.jar
b775e000-b7761000 r--s 00032000 08:06 5376491    /usr/lib/jvm/java-7-openjdk-i386/jre/lib/ext/sunjce_provider.jar
b7761000-b7768000 r-xp 00000000 08:06 6174296    /lib/i386-linux-gnu/i686/cmov/libnss_compat-2.19.so
b7768000-b7769000 r--p 00006000 08:06 6174296    /lib/i386-linux-gnu/i686/cmov/libnss_compat-2.19.so
b7769000-b776a000 rw-p 00007000 08:06 6174296    /lib/i386-linux-gnu/i686/cmov/libnss_compat-2.19.so
b776a000-b776b000 rw-p 00000000 00:00 0 
b776b000-b776c000 r--p 00000000 00:00 0 
b776c000-b7779000 r-xp 00000000 08:06 5377266    /usr/lib/jvm/java-7-openjdk-i386/jre/lib/i386/libverify.so
b7779000-b777a000 r--p 0000d000 08:06 5377266    /usr/lib/jvm/java-7-openjdk-i386/jre/lib/i386/libverify.so
b777a000-b777b000 rw-p 0000e000 08:06 5377266    /usr/lib/jvm/java-7-openjdk-i386/jre/lib/i386/libverify.so
b777b000-b777d000 rw-p 00000000 00:00 0 
b777d000-b777e000 r-xp 00000000 00:00 0          [vdso]
b777e000-b779d000 r-xp 00000000 08:06 6169294    /lib/i386-linux-gnu/ld-2.19.so
b779d000-b779e000 r--p 0001f000 08:06 6169294    /lib/i386-linux-gnu/ld-2.19.so
b779e000-b779f000 rw-p 00020000 08:06 6169294    /lib/i386-linux-gnu/ld-2.19.so
bfb40000-bfb60000 rwxp 00000000 00:00 0          [stack]
bfb60000-bfb61000 rw-p 00000000 00:00 0 

VM Arguments:
jvm_args: -Dfile.encoding=UTF-8 
java_command: swinghacks.TransitionTabbedPane
Launcher Type: SUN_STANDARD

Environment Variables:
JAVA_HOME=/usr/bin/java
PATH=/usr/local/bin:/usr/bin:/bin:/usr/local/games:/usr/games
USERNAME=mars
LD_LIBRARY_PATH=/usr/lib/jvm/java-7-openjdk-i386/jre/lib/amd64:/usr/lib/jvm/java-7-openjdk-i386/jre/lib/i386:
SHELL=/bin/bash
DISPLAY=:0.0

Signal Handlers:
SIGSEGV: [libjvm.so+0x7e88a0], sa_mask[0]=0x7ffbfeff, sa_flags=0x10000004
SIGBUS: [libjvm.so+0x7e88a0], sa_mask[0]=0x7ffbfeff, sa_flags=0x10000004
SIGFPE: [libjvm.so+0x664fe0], sa_mask[0]=0x7ffbfeff, sa_flags=0x10000004
SIGPIPE: [libjvm.so+0x664fe0], sa_mask[0]=0x7ffbfeff, sa_flags=0x10000004
SIGXFSZ: [libjvm.so+0x664fe0], sa_mask[0]=0x7ffbfeff, sa_flags=0x10000004
SIGILL: [libjvm.so+0x664fe0], sa_mask[0]=0x7ffbfeff, sa_flags=0x10000004
SIGUSR1: SIG_DFL, sa_mask[0]=0x00000000, sa_flags=0x00000000
SIGUSR2: [libjvm.so+0x665120], sa_mask[0]=0x00000004, sa_flags=0x10000004
SIGHUP: [libjvm.so+0x665510], sa_mask[0]=0x7ffbfeff, sa_flags=0x10000004
SIGINT: SIG_IGN, sa_mask[0]=0x00000000, sa_flags=0x00000000
SIGTERM: [libjvm.so+0x665510], sa_mask[0]=0x7ffbfeff, sa_flags=0x10000004
SIGQUIT: [libjvm.so+0x665510], sa_mask[0]=0x7ffbfeff, sa_flags=0x10000004


---------------  S Y S T E M  ---------------

OS:Kali Linux 1.0.7

uname:Linux 3.14-kali1-686-pae #1 SMP Debian 3.14.5-1kali1 (2014-06-07) i686
libc:glibc 2.19 NPTL 2.19 
rlimit: STACK 8192k, CORE 0k, NPROC 31370, NOFILE 4096, AS infinity
load average:0.91 0.62 0.52

/proc/meminfo:
MemTotal:        4033412 kB
MemFree:          129948 kB
MemAvailable:    2067092 kB
Buffers:          442964 kB
Cached:          1732096 kB
SwapCached:            0 kB
Active:          2310584 kB
Inactive:        1432560 kB
Active(anon):    1371188 kB
Inactive(anon):   288236 kB
Active(file):     939396 kB
Inactive(file):  1144324 kB
Unevictable:          16 kB
Mlocked:              16 kB
HighTotal:       3176200 kB
HighFree:          61692 kB
LowTotal:         857212 kB
LowFree:           68256 kB
SwapTotal:       4606972 kB
SwapFree:        4606972 kB
Dirty:               624 kB
Writeback:             0 kB
AnonPages:       1568504 kB
Mapped:           178772 kB
Shmem:             91160 kB
Slab:             110480 kB
SReclaimable:      79996 kB
SUnreclaim:        30484 kB
KernelStack:        3968 kB
PageTables:        16956 kB
NFS_Unstable:          0 kB
Bounce:                0 kB
WritebackTmp:          0 kB
CommitLimit:     6623676 kB
Committed_AS:    9556452 kB
VmallocTotal:     122880 kB
VmallocUsed:       16512 kB
VmallocChunk:      95076 kB
HardwareCorrupted:     0 kB
AnonHugePages:         0 kB
HugePages_Total:       0
HugePages_Free:        0
HugePages_Rsvd:        0
HugePages_Surp:        0
Hugepagesize:       2048 kB
DirectMap4k:       16376 kB
DirectMap2M:      892928 kB


CPU:total 4 (2 cores per cpu, 2 threads per core) family 6 model 42 stepping 7, cmov, cx8, fxsr, mmx, sse, sse2, sse3, ssse3, sse4.1, sse4.2, popcnt, avx, ht, tsc, tscinvbit

/proc/cpuinfo:
processor	: 0
vendor_id	: GenuineIntel
cpu family	: 6
model		: 42
model name	: Intel(R) Core(TM) i3-2328M CPU @ 2.20GHz
stepping	: 7
microcode	: 0x29
cpu MHz		: 2222.000
cache size	: 3072 KB
physical id	: 0
siblings	: 4
core id		: 0
cpu cores	: 2
apicid		: 0
initial apicid	: 0
fdiv_bug	: no
f00f_bug	: no
coma_bug	: no
fpu		: yes
fpu_exception	: yes
cpuid level	: 13
wp		: yes
flags		: fpu vme de pse tsc msr pae mce cx8 apic sep mtrr pge mca cmov pat pse36 clflush dts acpi mmx fxsr sse sse2 ss ht tm pbe nx rdtscp lm constant_tsc arch_perfmon pebs bts xtopology nonstop_tsc aperfmperf eagerfpu pni pclmulqdq dtes64 monitor ds_cpl vmx est tm2 ssse3 cx16 xtpr pdcm pcid sse4_1 sse4_2 x2apic popcnt tsc_deadline_timer xsave avx lahf_lm arat epb xsaveopt pln pts dtherm tpr_shadow vnmi flexpriority ept vpid
bogomips	: 4390.04
clflush size	: 64
cache_alignment	: 64
address sizes	: 36 bits physical, 48 bits virtual
power management:

processor	: 1
vendor_id	: GenuineIntel
cpu family	: 6
model		: 42
model name	: Intel(R) Core(TM) i3-2328M CPU @ 2.20GHz
stepping	: 7
microcode	: 0x29
cpu MHz		: 2222.000
cache size	: 3072 KB
physical id	: 0
siblings	: 4
core id		: 0
cpu cores	: 2
apicid		: 1
initial apicid	: 1
fdiv_bug	: no
f00f_bug	: no
coma_bug	: no
fpu		: yes
fpu_exception	: yes
cpuid level	: 13
wp		: yes
flags		: fpu vme de pse tsc msr pae mce cx8 apic sep mtrr pge mca cmov pat pse36 clflush dts acpi mmx fxsr sse sse2 ss ht tm pbe nx rdtscp lm constant_tsc arch_perfmon pebs bts xtopology nonstop_tsc aperfmperf eagerfpu pni pclmulqdq dtes64 monitor ds_cpl vmx est tm2 ssse3 cx16 xtpr pdcm pcid sse4_1 sse4_2 x2apic popcnt tsc_deadline_timer xsave avx lahf_lm arat epb xsaveopt pln pts dtherm tpr_shadow vnmi flexpriority ept vpid
bogomips	: 4390.04
clflush size	: 64
cache_alignment	: 64
address sizes	: 36 bits physical, 48 bits virtual
power management:

processor	: 2
vendor_id	: GenuineIntel
cpu family	: 6
model		: 42
model name	: Intel(R) Core(TM) i3-2328M CPU @ 2.20GHz
stepping	: 7
microcode	: 0x29
cpu MHz		: 2222.000
cache size	: 3072 KB
physical id	: 0
siblings	: 4
core id		: 1
cpu cores	: 2
apicid		: 2
initial apicid	: 2
fdiv_bug	: no
f00f_bug	: no
coma_bug	: no
fpu		: yes
fpu_exception	: yes
cpuid level	: 13
wp		: yes
flags		: fpu vme de pse tsc msr pae mce cx8 apic sep mtrr pge mca cmov pat pse36 clflush dts acpi mmx fxsr sse sse2 ss ht tm pbe nx rdtscp lm constant_tsc arch_perfmon pebs bts xtopology nonstop_tsc aperfmperf eagerfpu pni pclmulqdq dtes64 monitor ds_cpl vmx est tm2 ssse3 cx16 xtpr pdcm pcid sse4_1 sse4_2 x2apic popcnt tsc_deadline_timer xsave avx lahf_lm arat epb xsaveopt pln pts dtherm tpr_shadow vnmi flexpriority ept vpid
bogomips	: 4390.04
clflush size	: 64
cache_alignment	: 64
address sizes	: 36 bits physical, 48 bits virtual
power management:

processor	: 3
vendor_id	: GenuineIntel
cpu family	: 6
model		: 42
model name	: Intel(R) Core(TM) i3-2328M CPU @ 2.20GHz
stepping	: 7
microcode	: 0x29
cpu MHz		: 2187.625
cache size	: 3072 KB
physical id	: 0
siblings	: 4
core id		: 1
cpu cores	: 2
apicid		: 3
initial apicid	: 3
fdiv_bug	: no
f00f_bug	: no
coma_bug	: no
fpu		: yes
fpu_exception	: yes
cpuid level	: 13
wp		: yes
flags		: fpu vme de pse tsc msr pae mce cx8 apic sep mtrr pge mca cmov pat pse36 clflush dts acpi mmx fxsr sse sse2 ss ht tm pbe nx rdtscp lm constant_tsc arch_perfmon pebs bts xtopology nonstop_tsc aperfmperf eagerfpu pni pclmulqdq dtes64 monitor ds_cpl vmx est tm2 ssse3 cx16 xtpr pdcm pcid sse4_1 sse4_2 x2apic popcnt tsc_deadline_timer xsave avx lahf_lm arat epb xsaveopt pln pts dtherm tpr_shadow vnmi flexpriority ept vpid
bogomips	: 4390.04
clflush size	: 64
cache_alignment	: 64
address sizes	: 36 bits physical, 48 bits virtual
power management:



Memory: 4k page, physical 4033412k(129700k free), swap 4606972k(4606972k free)

vm_info: OpenJDK Server VM (24.51-b03) for linux-x86 JRE (1.7.0_55-b14), built on Apr 30 2014 10:47:03 by "jmm" with gcc 4.7.2

time: Sat Oct 11 23:23:14 2014
elapsed time: 1 seconds

