#
# A fatal error has been detected by the Java Runtime Environment:
#
#  SIGSEGV (0xb) at pc=0xb3451e8c, pid=12871, tid=3059723072
#
# JRE version: OpenJDK Runtime Environment (7.0_55-b14) (build 1.7.0_55-b14)
# Java VM: OpenJDK Server VM (24.51-b03 mixed mode linux-x86 )
# Problematic frame:
# J  java.lang.Object.<init>()V
#
# Failed to write core dump. Core dumps have been disabled. To enable core dumping, try "ulimit -c unlimited" before starting Java again
#
# If you would like to submit a bug report, please include
# instructions on how to reproduce the bug and visit:
#   http://icedtea.classpath.org/bugzilla
#

---------------  T H R E A D  ---------------

Current thread (0xb6407c00):  JavaThread "main" [_thread_in_Java, id=12876, stack(0xb65aa000,0xb65fb000)]

siginfo:si_signo=SIGSEGV: si_errno=0, si_code=2 (SEGV_ACCERR), si_addr=0xb65aaffc

Registers:
EAX=0x6d941228, EBX=0x6d941228, ECX=0x9f09d6a8, EDX=0xb3403387
ESP=0xb65aeffc, EBP=0xb65af034, ESI=0xb65af010, EDI=0xb3451e8c
EIP=0xb3451e8c, EFLAGS=0x00210a03, CR2=0xb65aaffc

Top of Stack: (sp=0xb65aeffc)
0xb65aeffc:   b3403387 00000037 00000000 b716e7e0
0xb65af00c:   b3403387 9f09d6a8 b65af014 6db7eb2d
0xb65af01c:   b65af03c 6dcdf7a8 00000000 6db7eb48
0xb65af02c:   b65af010 b65af03c b65af060 b3403387
0xb65af03c:   9f09d6a8 b65af040 6db7d2dd b65af068
0xb65af04c:   6dcdf988 00000000 6db7d2f8 b65af03c
0xb65af05c:   b65af068 b65af08c b3403387 9f09d6a8
0xb65af06c:   b65af06c 6db7a195 b65af0a4 6dcdfb48 

Instructions: (pc=0xb3451e8c)
0xb3451e6c:   00 00 00 00 00 00 00 00 00 00 00 00 00 00 00 00
0xb3451e7c:   00 00 00 00 3b 41 04 0f 85 97 b1 fd ff 66 66 90
0xb3451e8c:   89 84 24 00 c0 ff ff 55 83 ec 08 8b 59 04 8b 6b
0xb3451e9c:   54 f7 c5 00 00 00 40 74 07 8b e9 e8 b4 a4 ff ff 

Register to memory mapping:

EAX=0x6d941228 is an oop
{method} 
 - klass: {other class}
EBX=0x6d941228 is an oop
{method} 
 - klass: {other class}
ECX=0x9f09d6a8 is an oop
java.awt.Rectangle 
 - klass: 'java/awt/Rectangle'
EDX=0xb3403387 is at code_begin+2055 in an Interpreter codelet
return entry points  [0xb3402b80, 0xb3404420]  6304 bytes
ESP=0xb65aeffc is pointing into the stack for thread: 0xb6407c00
EBP=0xb65af034 is pointing into the stack for thread: 0xb6407c00
ESI=0xb65af010 is pointing into the stack for thread: 0xb6407c00
EDI=0xb3451e8c is at entry_point+12 in (nmethod*)0xb3451d88


Stack: [0xb65aa000,0xb65fb000],  sp=0xb65aeffc,  free space=19k
Native frames: (J=compiled Java code, j=interpreted, Vv=VM code, C=native code)
J  java.lang.Object.<init>()V
j  java.awt.geom.Rectangle2D.<init>()V+1
j  java.awt.Rectangle.<init>(IIII)V+1
j  javax.swing.plaf.basic.BasicTabbedPaneUI.<init>()V+79
j  javax.swing.plaf.metal.MetalTabbedPaneUI.<init>()V+1
j  javax.swing.plaf.metal.MetalTabbedPaneUI.createUI(Ljavax/swing/JComponent;)Ljavax/swing/plaf/ComponentUI;+4
j  sun.reflect.GeneratedMethodAccessor2.invoke(Ljava/lang/Object;[Ljava/lang/Object;)Ljava/lang/Object;+24
j  sun.reflect.DelegatingMethodAccessorImpl.invoke(Ljava/lang/Object;[Ljava/lang/Object;)Ljava/lang/Object;+6
j  java.lang.reflect.Method.invoke(Ljava/lang/Object;[Ljava/lang/Object;)Ljava/lang/Object;+57
j  sun.reflect.misc.Trampoline.invoke(Ljava/lang/reflect/Method;Ljava/lang/Object;[Ljava/lang/Object;)Ljava/lang/Object;+7
j  sun.reflect.GeneratedMethodAccessor1.invoke(Ljava/lang/Object;[Ljava/lang/Object;)Ljava/lang/Object;+40
j  sun.reflect.DelegatingMethodAccessorImpl.invoke(Ljava/lang/Object;[Ljava/lang/Object;)Ljava/lang/Object;+6
j  java.lang.reflect.Method.invoke(Ljava/lang/Object;[Ljava/lang/Object;)Ljava/lang/Object;+57
j  sun.reflect.misc.MethodUtil.invoke(Ljava/lang/reflect/Method;Ljava/lang/Object;[Ljava/lang/Object;)Ljava/lang/Object;+20
j  javax.swing.UIDefaults.getUI(Ljavax/swing/JComponent;)Ljavax/swing/plaf/ComponentUI;+126
j  javax.swing.UIManager.getUI(Ljavax/swing/JComponent;)Ljavax/swing/plaf/ComponentUI;+37
j  javax.swing.JTabbedPane.updateUI()V+2
j  javax.swing.JTabbedPane.<init>(II)V+58
j  javax.swing.JTabbedPane.<init>()V+3
j  swinghacks.TransitionTabbedPane.<init>()V+1
j  swinghacks.TransitionTabbedPane$InOutPane.<init>()V+1
j  swinghacks.TransitionTabbedPane.<init>()V+25
j  swinghacks.TransitionTabbedPane$InOutPane.<init>()V+1
j  swinghacks.TransitionTabbedPane.<init>()V+25
j  swinghacks.TransitionTabbedPane$InOutPane.<init>()V+1
j  swinghacks.TransitionTabbedPane.<init>()V+25
j  swinghacks.TransitionTabbedPane$InOutPane.<init>()V+1
j  swinghacks.TransitionTabbedPane.<init>()V+25
j  swinghacks.TransitionTabbedPane$InOutPane.<init>()V+1
j  swinghacks.TransitionTabbedPane.<init>()V+25
j  swinghacks.TransitionTabbedPane$InOutPane.<init>()V+1
j  swinghacks.TransitionTabbedPane.<init>()V+25
j  swinghacks.TransitionTabbedPane$InOutPane.<init>()V+1
j  swinghacks.TransitionTabbedPane.<init>()V+25
j  swinghacks.TransitionTabbedPane$InOutPane.<init>()V+1
j  swinghacks.TransitionTabbedPane.<init>()V+25
j  swinghacks.TransitionTabbedPane$InOutPane.<init>()V+1
j  swinghacks.TransitionTabbedPane.<init>()V+25
j  swinghacks.TransitionTabbedPane$InOutPane.<init>()V+1
j  swinghacks.TransitionTabbedPane.<init>()V+25
j  swinghacks.TransitionTabbedPane$InOutPane.<init>()V+1
j  swinghacks.TransitionTabbedPane.<init>()V+25
j  swinghacks.TransitionTabbedPane$InOutPane.<init>()V+1
j  swinghacks.TransitionTabbedPane.<init>()V+25
j  swinghacks.TransitionTabbedPane$InOutPane.<init>()V+1
j  swinghacks.TransitionTabbedPane.<init>()V+25
j  swinghacks.TransitionTabbedPane$InOutPane.<init>()V+1
j  swinghacks.TransitionTabbedPane.<init>()V+25
j  swinghacks.TransitionTabbedPane$InOutPane.<init>()V+1
j  swinghacks.TransitionTabbedPane.<init>()V+25
j  swinghacks.TransitionTabbedPane$InOutPane.<init>()V+1
j  swinghacks.TransitionTabbedPane.<init>()V+25
j  swinghacks.TransitionTabbedPane$InOutPane.<init>()V+1
j  swinghacks.TransitionTabbedPane.<init>()V+25
j  swinghacks.TransitionTabbedPane$InOutPane.<init>()V+1
j  swinghacks.TransitionTabbedPane.<init>()V+25
j  swinghacks.TransitionTabbedPane$InOutPane.<init>()V+1
j  swinghacks.TransitionTabbedPane.<init>()V+25
j  swinghacks.TransitionTabbedPane$InOutPane.<init>()V+1
j  swinghacks.TransitionTabbedPane.<init>()V+25
j  swinghacks.TransitionTabbedPane$InOutPane.<init>()V+1
j  swinghacks.TransitionTabbedPane.<init>()V+25
j  swinghacks.TransitionTabbedPane$InOutPane.<init>()V+1
j  swinghacks.TransitionTabbedPane.<init>()V+25
j  swinghacks.TransitionTabbedPane$InOutPane.<init>()V+1
j  swinghacks.TransitionTabbedPane.<init>()V+25
j  swinghacks.TransitionTabbedPane$InOutPane.<init>()V+1
j  swinghacks.TransitionTabbedPane.<init>()V+25
j  swinghacks.TransitionTabbedPane$InOutPane.<init>()V+1
j  swinghacks.TransitionTabbedPane.<init>()V+25
j  swinghacks.TransitionTabbedPane$InOutPane.<init>()V+1
j  swinghacks.TransitionTabbedPane.<init>()V+25
j  swinghacks.TransitionTabbedPane$InOutPane.<init>()V+1
j  swinghacks.TransitionTabbedPane.<init>()V+25
j  swinghacks.TransitionTabbedPane$InOutPane.<init>()V+1
j  swinghacks.TransitionTabbedPane.<init>()V+25
j  swinghacks.TransitionTabbedPane$InOutPane.<init>()V+1
j  swinghacks.TransitionTabbedPane.<init>()V+25
j  swinghacks.TransitionTabbedPane$InOutPane.<init>()V+1
j  swinghacks.TransitionTabbedPane.<init>()V+25
j  swinghacks.TransitionTabbedPane$InOutPane.<init>()V+1
j  swinghacks.TransitionTabbedPane.<init>()V+25
j  swinghacks.TransitionTabbedPane$InOutPane.<init>()V+1
j  swinghacks.TransitionTabbedPane.<init>()V+25
j  swinghacks.TransitionTabbedPane$InOutPane.<init>()V+1
j  swinghacks.TransitionTabbedPane.<init>()V+25
j  swinghacks.TransitionTabbedPane$InOutPane.<init>()V+1
j  swinghacks.TransitionTabbedPane.<init>()V+25
j  swinghacks.TransitionTabbedPane$InOutPane.<init>()V+1
j  swinghacks.TransitionTabbedPane.<init>()V+25
j  swinghacks.TransitionTabbedPane$InOutPane.<init>()V+1
j  swinghacks.TransitionTabbedPane.<init>()V+25
j  swinghacks.TransitionTabbedPane$InOutPane.<init>()V+1
j  swinghacks.TransitionTabbedPane.<init>()V+25
j  swinghacks.TransitionTabbedPane$InOutPane.<init>()V+1
j  swinghacks.TransitionTabbedPane.<init>()V+25
j  swinghacks.TransitionTabbedPane$InOutPane.<init>()V+1
j  swinghacks.TransitionTabbedPane.<init>()V+25
j  swinghacks.TransitionTabbedPane$InOutPane.<init>()V+1
j  swinghacks.TransitionTabbedPane.<init>()V+25
...<more frames>...


---------------  P R O C E S S  ---------------

Java Threads: ( => current thread )
  0x69db4c00 JavaThread "AWT-XAWT" daemon [_thread_in_native, id=12891, stack(0x68af8000,0x68b49000)]
  0x69da2400 JavaThread "Java2D Disposer" daemon [_thread_blocked, id=12890, stack(0x68b49000,0x68b9a000)]
  0x6a49ac00 JavaThread "Service Thread" daemon [_thread_blocked, id=12888, stack(0x69f2e000,0x69f7f000)]
  0x6a499000 JavaThread "C2 CompilerThread1" daemon [_thread_blocked, id=12887, stack(0x69f7f000,0x6a000000)]
  0x6a497000 JavaThread "C2 CompilerThread0" daemon [_thread_blocked, id=12886, stack(0x6a12e000,0x6a1af000)]
  0x6a495800 JavaThread "Signal Dispatcher" daemon [_thread_blocked, id=12885, stack(0x6a1af000,0x6a200000)]
  0x6a484800 JavaThread "Finalizer" daemon [_thread_blocked, id=12884, stack(0x6a32e000,0x6a37f000)]
  0x6a482c00 JavaThread "Reference Handler" daemon [_thread_blocked, id=12883, stack(0x6cf2e000,0x6cf7f000)]
=>0xb6407c00 JavaThread "main" [_thread_in_Java, id=12876, stack(0xb65aa000,0xb65fb000)]

Other Threads:
  0x6a480400 VMThread [stack: 0x6a37f000,0x6a400000] [id=12882]
  0x6a49cc00 WatcherThread [stack: 0x69ead000,0x69f2e000] [id=12889]

VM state:not at safepoint (normal execution)

VM Mutex/Monitor currently owned by a thread: None

Heap
 PSYoungGen      total 18432K, used 6384K [0x9ea80000, 0x9ff00000, 0xb3340000)
  eden space 15872K, 40% used [0x9ea80000,0x9f0bc1f8,0x9fa00000)
  from space 2560K, 0% used [0x9fc80000,0x9fc80000,0x9ff00000)
  to   space 2560K, 0% used [0x9fa00000,0x9fa00000,0x9fc80000)
 ParOldGen       total 41984K, used 0K [0x75940000, 0x78240000, 0x9ea80000)
  object space 41984K, 0% used [0x75940000,0x75940000,0x78240000)
 PSPermGen       total 16384K, used 4960K [0x6d940000, 0x6e940000, 0x75940000)
  object space 16384K, 30% used [0x6d940000,0x6de18328,0x6e940000)

Card table byte_map: [0x6d712000,0x6d940000] byte_map_base: 0x6d3a5600

Polling page: 0xb7784000

Code Cache  [0xb3400000, 0xb3640000, 0xb6400000)
 total_blobs=256 nmethods=60 adapters=149 free_code_cache=48739Kb largest_free_block=49888320

Compilation events (10 events):
Event: 1.074 Thread 0x6a499000 nmethod 56 0xb3468dc8 code [0xb3468ec0, 0xb3468f7c]
Event: 1.074 Thread 0x6a499000   57             java.awt.AWTEventMulticaster::addInternal (22 bytes)
Event: 1.074 Thread 0x6a499000 nmethod 57 0xb3464948 code [0xb3464a40, 0xb3464a90]
Event: 1.074 Thread 0x6a499000   58             javax.swing.UIDefaults::get (21 bytes)
Event: 1.075 Thread 0x6a499000 nmethod 58 0xb34605c8 code [0xb34606c0, 0xb3460744]
Event: 1.075 Thread 0x6a499000   59             javax.swing.JTabbedPane::getTabCount (10 bytes)
Event: 1.075 Thread 0x6a499000 nmethod 59 0xb3467c08 code [0xb3467d00, 0xb3467d70]
Event: 1.076 Thread 0x6a497000 nmethod 55 0xb345f7c8 code [0xb345f9a0, 0xb345fe78]
Event: 1.391 Thread 0x6a499000   60             java.lang.System::getSecurityManager (4 bytes)
Event: 1.392 Thread 0x6a499000 nmethod 60 0xb3458788 code [0xb3458860, 0xb3458890]

GC Heap History (0 events):
No events

Deoptimization events (0 events):
No events

Internal exceptions (10 events):
Event: 0.192 Thread 0xb6407c00 Threw 0x9eb2c700 at /home/jmm/openjdk-7-7u55-2.4.7/build/openjdk/hotspot/src/share/vm/prims/jvm.cpp:1244
Event: 0.192 Thread 0xb6407c00 Threw 0x9eb2e218 at /home/jmm/openjdk-7-7u55-2.4.7/build/openjdk/hotspot/src/share/vm/prims/jvm.cpp:1244
Event: 0.192 Thread 0xb6407c00 Threw 0x9eb2e330 at /home/jmm/openjdk-7-7u55-2.4.7/build/openjdk/hotspot/src/share/vm/prims/jvm.cpp:1244
Event: 0.192 Thread 0xb6407c00 Threw 0x9eb2ec78 at /home/jmm/openjdk-7-7u55-2.4.7/build/openjdk/hotspot/src/share/vm/prims/jvm.cpp:1244
Event: 0.192 Thread 0xb6407c00 Threw 0x9eb2ed90 at /home/jmm/openjdk-7-7u55-2.4.7/build/openjdk/hotspot/src/share/vm/prims/jvm.cpp:1244
Event: 0.192 Thread 0xb6407c00 Threw 0x9eb2fcb8 at /home/jmm/openjdk-7-7u55-2.4.7/build/openjdk/hotspot/src/share/vm/prims/jvm.cpp:1244
Event: 0.192 Thread 0xb6407c00 Threw 0x9eb2fdd0 at /home/jmm/openjdk-7-7u55-2.4.7/build/openjdk/hotspot/src/share/vm/prims/jvm.cpp:1244
Event: 0.192 Thread 0xb6407c00 Threw 0x9eb306b0 at /home/jmm/openjdk-7-7u55-2.4.7/build/openjdk/hotspot/src/share/vm/prims/jvm.cpp:1244
Event: 0.192 Thread 0xb6407c00 Threw 0x9eb307c8 at /home/jmm/openjdk-7-7u55-2.4.7/build/openjdk/hotspot/src/share/vm/prims/jvm.cpp:1244
Event: 0.346 Thread 0xb6407c00 Threw 0x9ec156c0 at /home/jmm/openjdk-7-7u55-2.4.7/build/openjdk/hotspot/src/share/vm/prims/jvm.cpp:1244

Events (10 events):
Event: 0.345 loading class 0x6a24a2e0
Event: 0.345 loading class 0x6a24a2e0 done
Event: 0.345 loading class 0x6a24a3a0
Event: 0.346 loading class 0x6a24a3a0 done
Event: 0.346 loading class 0x6d34c068
Event: 0.346 loading class 0x6d34c068 done
Event: 0.346 loading class 0x6a4fcc58
Event: 0.346 loading class 0x6a4fcc58 done
Event: 1.361 loading class 0x6d32e910
Event: 1.391 loading class 0x6d32e910 done


Dynamic libraries:
08048000-08049000 r-xp 00000000 08:06 5374625    /usr/lib/jvm/java-7-openjdk-i386/jre/bin/java
08049000-0804a000 r--p 00000000 08:06 5374625    /usr/lib/jvm/java-7-openjdk-i386/jre/bin/java
0804a000-0804b000 rw-p 00001000 08:06 5374625    /usr/lib/jvm/java-7-openjdk-i386/jre/bin/java
093a0000-093c1000 rw-p 00000000 00:00 0          [heap]
68700000-6872e000 rw-p 00000000 00:00 0 
6872e000-68800000 ---p 00000000 00:00 0 
68800000-68837000 rw-p 00000000 00:00 0 
68837000-68900000 ---p 00000000 00:00 0 
68900000-68929000 rw-p 00000000 00:00 0 
68929000-68a00000 ---p 00000000 00:00 0 
68af8000-68afb000 ---p 00000000 00:00 0 
68afb000-68b49000 rwxp 00000000 00:00 0          [stack:12891]
68b49000-68b4c000 ---p 00000000 00:00 0 
68b4c000-68b9a000 rwxp 00000000 00:00 0          [stack:12890]
68b9a000-68ba0000 r-xp 00000000 08:06 5376688    /usr/lib/i386-linux-gnu/libffi.so.6.0.2
68ba0000-68ba1000 r--p 00005000 08:06 5376688    /usr/lib/i386-linux-gnu/libffi.so.6.0.2
68ba1000-68ba2000 rw-p 00006000 08:06 5376688    /usr/lib/i386-linux-gnu/libffi.so.6.0.2
68ba2000-68ba5000 r-xp 00000000 08:06 6161166    /lib/i386-linux-gnu/libgpg-error.so.0.8.0
68ba5000-68ba6000 rw-p 00002000 08:06 6161166    /lib/i386-linux-gnu/libgpg-error.so.0.8.0
68ba6000-68bef000 r-xp 00000000 08:06 6160824    /lib/i386-linux-gnu/libdbus-1.so.3.7.2
68bef000-68bf0000 r--p 00049000 08:06 6160824    /lib/i386-linux-gnu/libdbus-1.so.3.7.2
68bf0000-68bf1000 rw-p 0004a000 08:06 6160824    /lib/i386-linux-gnu/libdbus-1.so.3.7.2
68bf1000-68c2d000 r-xp 00000000 08:06 5380860    /usr/lib/i386-linux-gnu/libp11-kit.so.0.0.0
68c2d000-68c31000 r--p 0003b000 08:06 5380860    /usr/lib/i386-linux-gnu/libp11-kit.so.0.0.0
68c31000-68c32000 rw-p 0003f000 08:06 5380860    /usr/lib/i386-linux-gnu/libp11-kit.so.0.0.0
68c32000-68cb3000 r-xp 00000000 08:06 6161162    /lib/i386-linux-gnu/libgcrypt.so.11.7.0
68cb3000-68cb4000 ---p 00081000 08:06 6161162    /lib/i386-linux-gnu/libgcrypt.so.11.7.0
68cb4000-68cb5000 r--p 00081000 08:06 6161162    /lib/i386-linux-gnu/libgcrypt.so.11.7.0
68cb5000-68cb7000 rw-p 00082000 08:06 6161162    /lib/i386-linux-gnu/libgcrypt.so.11.7.0
68cb7000-68cc7000 r-xp 00000000 08:06 5377026    /usr/lib/i386-linux-gnu/libtasn1.so.3.1.16
68cc7000-68cc8000 r--p 0000f000 08:06 5377026    /usr/lib/i386-linux-gnu/libtasn1.so.3.1.16
68cc8000-68cc9000 rw-p 00010000 08:06 5377026    /usr/lib/i386-linux-gnu/libtasn1.so.3.1.16
68cc9000-68ccc000 r-xp 00000000 08:06 6161177    /lib/i386-linux-gnu/libkeyutils.so.1.4
68ccc000-68ccd000 r--p 00002000 08:06 6161177    /lib/i386-linux-gnu/libkeyutils.so.1.4
68ccd000-68cce000 rw-p 00003000 08:06 6161177    /lib/i386-linux-gnu/libkeyutils.so.1.4
68cce000-68cd5000 r-xp 00000000 08:06 5376540    /usr/lib/i386-linux-gnu/libkrb5support.so.0.1
68cd5000-68cd6000 r--p 00007000 08:06 5376540    /usr/lib/i386-linux-gnu/libkrb5support.so.0.1
68cd6000-68cd7000 rw-p 00008000 08:06 5376540    /usr/lib/i386-linux-gnu/libkrb5support.so.0.1
68cd7000-68cda000 r-xp 00000000 08:06 6161141    /lib/i386-linux-gnu/libcom_err.so.2.1
68cda000-68cdb000 r--p 00002000 08:06 6161141    /lib/i386-linux-gnu/libcom_err.so.2.1
68cdb000-68cdc000 rw-p 00003000 08:06 6161141    /lib/i386-linux-gnu/libcom_err.so.2.1
68cdc000-68d03000 r-xp 00000000 08:06 5376521    /usr/lib/i386-linux-gnu/libk5crypto.so.3.1
68d03000-68d04000 r--p 00026000 08:06 5376521    /usr/lib/i386-linux-gnu/libk5crypto.so.3.1
68d04000-68d05000 rw-p 00027000 08:06 5376521    /usr/lib/i386-linux-gnu/libk5crypto.so.3.1
68d05000-68d06000 rw-p 00000000 00:00 0 
68d06000-68dd1000 r-xp 00000000 08:06 5376537    /usr/lib/i386-linux-gnu/libkrb5.so.3.3
68dd1000-68dd7000 r--p 000ca000 08:06 5376537    /usr/lib/i386-linux-gnu/libkrb5.so.3.3
68dd7000-68dd8000 rw-p 000d0000 08:06 5376537    /usr/lib/i386-linux-gnu/libkrb5.so.3.3
68dd8000-68ddd000 r-xp 00000000 08:06 5375800    /usr/lib/i386-linux-gnu/libXdmcp.so.6.0.0
68ddd000-68dde000 rw-p 00004000 08:06 5375800    /usr/lib/i386-linux-gnu/libXdmcp.so.6.0.0
68dde000-68de0000 r-xp 00000000 08:06 5375781    /usr/lib/i386-linux-gnu/libXau.so.6.0.0
68de0000-68de1000 rw-p 00001000 08:06 5375781    /usr/lib/i386-linux-gnu/libXau.so.6.0.0
68de1000-68df1000 r-xp 00000000 08:06 5375890    /usr/lib/i386-linux-gnu/libavahi-client.so.3.2.9
68df1000-68df2000 r--p 0000f000 08:06 5375890    /usr/lib/i386-linux-gnu/libavahi-client.so.3.2.9
68df2000-68df3000 rw-p 00010000 08:06 5375890    /usr/lib/i386-linux-gnu/libavahi-client.so.3.2.9
68df3000-68dff000 r-xp 00000000 08:06 5375892    /usr/lib/i386-linux-gnu/libavahi-common.so.3.5.3
68dff000-68e00000 r--p 0000b000 08:06 5375892    /usr/lib/i386-linux-gnu/libavahi-common.so.3.5.3
68e00000-68e01000 rw-p 0000c000 08:06 5375892    /usr/lib/i386-linux-gnu/libavahi-common.so.3.5.3
68e01000-68ec4000 r-xp 00000000 08:06 5374208    /usr/lib/i386-linux-gnu/libgnutls.so.26.22.4
68ec4000-68ec8000 r--p 000c2000 08:06 5374208    /usr/lib/i386-linux-gnu/libgnutls.so.26.22.4
68ec8000-68ec9000 rw-p 000c6000 08:06 5374208    /usr/lib/i386-linux-gnu/libgnutls.so.26.22.4
68ec9000-68eca000 rw-p 00000000 00:00 0 
68eca000-68f06000 r-xp 00000000 08:06 5376382    /usr/lib/i386-linux-gnu/libgssapi_krb5.so.2.2
68f06000-68f07000 r--p 0003b000 08:06 5376382    /usr/lib/i386-linux-gnu/libgssapi_krb5.so.2.2
68f07000-68f08000 rw-p 0003c000 08:06 5376382    /usr/lib/i386-linux-gnu/libgssapi_krb5.so.2.2
68f08000-68f45000 r-xp 00000000 08:06 6161230    /lib/i386-linux-gnu/libpcre.so.3.13.1
68f45000-68f46000 rw-p 0003c000 08:06 6161230    /lib/i386-linux-gnu/libpcre.so.3.13.1
68f46000-68f4e000 r-xp 00000000 08:06 5376104    /usr/lib/i386-linux-gnu/libffi.so.5.0.10
68f4e000-68f4f000 rw-p 00008000 08:06 5376104    /usr/lib/i386-linux-gnu/libffi.so.5.0.10
68f4f000-68f74000 r-xp 00000000 08:06 6161094    /lib/i386-linux-gnu/libexpat.so.1.6.0
68f74000-68f76000 r--p 00025000 08:06 6161094    /lib/i386-linux-gnu/libexpat.so.1.6.0
68f76000-68f77000 rw-p 00027000 08:06 6161094    /lib/i386-linux-gnu/libexpat.so.1.6.0
68f77000-69027000 r-xp 00000000 08:06 5376483    /usr/lib/i386-linux-gnu/libpixman-1.so.0.32.6
69027000-6902d000 r--p 000af000 08:06 5376483    /usr/lib/i386-linux-gnu/libpixman-1.so.0.32.6
6902d000-6902e000 rw-p 000b5000 08:06 5376483    /usr/lib/i386-linux-gnu/libpixman-1.so.0.32.6
6902e000-69056000 r-xp 00000000 08:06 6161232    /lib/i386-linux-gnu/libpng12.so.0.49.0
69056000-69057000 r--p 00027000 08:06 6161232    /lib/i386-linux-gnu/libpng12.so.0.49.0
69057000-69058000 rw-p 00028000 08:06 6161232    /lib/i386-linux-gnu/libpng12.so.0.49.0
69058000-6906b000 r-xp 00000000 08:06 6174303    /lib/i386-linux-gnu/i686/cmov/libresolv-2.19.so
6906b000-6906d000 r--p 00012000 08:06 6174303    /lib/i386-linux-gnu/i686/cmov/libresolv-2.19.so
6906d000-6906e000 rw-p 00014000 08:06 6174303    /lib/i386-linux-gnu/i686/cmov/libresolv-2.19.so
6906e000-69070000 rw-p 00000000 00:00 0 
69070000-6908e000 r-xp 00000000 08:06 6161247    /lib/i386-linux-gnu/libselinux.so.1
6908e000-6908f000 r--p 0001d000 08:06 6161247    /lib/i386-linux-gnu/libselinux.so.1
6908f000-69090000 rw-p 0001e000 08:06 6161247    /lib/i386-linux-gnu/libselinux.so.1
69090000-690b1000 r-xp 00000000 08:06 5377219    /usr/lib/i386-linux-gnu/libxcb.so.1.1.0
690b1000-690b2000 r--p 00020000 08:06 5377219    /usr/lib/i386-linux-gnu/libxcb.so.1.1.0
690b2000-690b3000 rw-p 00021000 08:06 5377219    /usr/lib/i386-linux-gnu/libxcb.so.1.1.0
690b3000-69105000 r-xp 00000000 08:06 5374272    /usr/lib/i386-linux-gnu/libcups.so.2
69105000-69108000 r--p 00051000 08:06 5374272    /usr/lib/i386-linux-gnu/libcups.so.2
69108000-69109000 rw-p 00054000 08:06 5374272    /usr/lib/i386-linux-gnu/libcups.so.2
69109000-69204000 r-xp 00000000 08:06 6161164    /lib/i386-linux-gnu/libglib-2.0.so.0.3200.4
69204000-69205000 r--p 000fa000 08:06 6161164    /lib/i386-linux-gnu/libglib-2.0.so.0.3200.4
69205000-69206000 rw-p 000fb000 08:06 6161164    /lib/i386-linux-gnu/libglib-2.0.so.0.3200.4
69206000-69256000 r-xp 00000000 08:06 5376290    /usr/lib/i386-linux-gnu/libgobject-2.0.so.0.3200.4
69256000-69257000 r--p 00050000 08:06 5376290    /usr/lib/i386-linux-gnu/libgobject-2.0.so.0.3200.4
69257000-69258000 rw-p 00051000 08:06 5376290    /usr/lib/i386-linux-gnu/libgobject-2.0.so.0.3200.4
69258000-6928c000 r-xp 00000000 08:06 5376145    /usr/lib/i386-linux-gnu/libfontconfig.so.1.5.0
6928c000-6928d000 r--p 00033000 08:06 5376145    /usr/lib/i386-linux-gnu/libfontconfig.so.1.5.0
6928d000-6928e000 rw-p 00034000 08:06 5376145    /usr/lib/i386-linux-gnu/libfontconfig.so.1.5.0
6928e000-69325000 r-xp 00000000 08:06 5376156    /usr/lib/i386-linux-gnu/libfreetype.so.6.8.1
69325000-69329000 r--p 00096000 08:06 5376156    /usr/lib/i386-linux-gnu/libfreetype.so.6.8.1
69329000-6932a000 rw-p 0009a000 08:06 5376156    /usr/lib/i386-linux-gnu/libfreetype.so.6.8.1
6932a000-69374000 r-xp 00000000 08:06 5376700    /usr/lib/i386-linux-gnu/libpango-1.0.so.0.3000.0
69374000-69375000 r--p 0004a000 08:06 5376700    /usr/lib/i386-linux-gnu/libpango-1.0.so.0.3000.0
69375000-69376000 rw-p 0004b000 08:06 5376700    /usr/lib/i386-linux-gnu/libpango-1.0.so.0.3000.0
69376000-69480000 r-xp 00000000 08:06 5375939    /usr/lib/i386-linux-gnu/libcairo.so.2.11200.2
69480000-69482000 r--p 00109000 08:06 5375939    /usr/lib/i386-linux-gnu/libcairo.so.2.11200.2
69482000-69483000 rw-p 0010b000 08:06 5375939    /usr/lib/i386-linux-gnu/libcairo.so.2.11200.2
69483000-69484000 rw-p 00000000 00:00 0 
69484000-695df000 r-xp 00000000 08:06 5376202    /usr/lib/i386-linux-gnu/libgio-2.0.so.0.3200.4
695df000-695e0000 ---p 0015b000 08:06 5376202    /usr/lib/i386-linux-gnu/libgio-2.0.so.0.3200.4
695e0000-695e2000 r--p 0015b000 08:06 5376202    /usr/lib/i386-linux-gnu/libgio-2.0.so.0.3200.4
695e2000-695e3000 rw-p 0015d000 08:06 5376202    /usr/lib/i386-linux-gnu/libgio-2.0.so.0.3200.4
695e3000-695e4000 rw-p 00000000 00:00 0 
695e4000-69692000 r-xp 00000000 08:06 5376181    /usr/lib/i386-linux-gnu/libgdk-x11-2.0.so.0.2400.10
69692000-69695000 rw-p 000ad000 08:06 5376181    /usr/lib/i386-linux-gnu/libgdk-x11-2.0.so.0.2400.10
69695000-69b01000 r-xp 00000000 08:06 5376446    /usr/lib/i386-linux-gnu/libgtk-x11-2.0.so.0.2400.10
69b01000-69b07000 rw-p 0046b000 08:06 5376446    /usr/lib/i386-linux-gnu/libgtk-x11-2.0.so.0.2400.10
69b07000-69b08000 rw-p 00000000 00:00 0 
69b08000-69c3c000 r-xp 00000000 08:06 5375775    /usr/lib/i386-linux-gnu/libX11.so.6.3.0
69c3c000-69c40000 rw-p 00133000 08:06 5375775    /usr/lib/i386-linux-gnu/libX11.so.6.3.0
69c40000-69cd4000 r-xp 00000000 08:06 5377264    /usr/lib/jvm/java-7-openjdk-i386/jre/lib/i386/libawt.so
69cd4000-69cd5000 r--p 00093000 08:06 5377264    /usr/lib/jvm/java-7-openjdk-i386/jre/lib/i386/libawt.so
69cd5000-69cdc000 rw-p 00094000 08:06 5377264    /usr/lib/jvm/java-7-openjdk-i386/jre/lib/i386/libawt.so
69cdc000-69d00000 rw-p 00000000 00:00 0 
69d00000-69dfa000 rw-p 00000000 00:00 0 
69dfa000-69e00000 ---p 00000000 00:00 0 
69e01000-69e0a000 r-xp 00000000 08:06 5377203    /usr/lib/i386-linux-gnu/libxcb-render.so.0.0.0
69e0a000-69e0b000 r--p 00008000 08:06 5377203    /usr/lib/i386-linux-gnu/libxcb-render.so.0.0.0
69e0b000-69e0c000 rw-p 00009000 08:06 5377203    /usr/lib/i386-linux-gnu/libxcb-render.so.0.0.0
69e0c000-69e5f000 r-xp 00000000 08:06 5374590    /usr/lib/jvm/java-7-openjdk-i386/jre/lib/i386/xawt/libmawt.so
69e5f000-69e60000 r--p 00052000 08:06 5374590    /usr/lib/jvm/java-7-openjdk-i386/jre/lib/i386/xawt/libmawt.so
69e60000-69e62000 rw-p 00053000 08:06 5374590    /usr/lib/jvm/java-7-openjdk-i386/jre/lib/i386/xawt/libmawt.so
69e62000-69e63000 rw-p 00000000 00:00 0 
69e63000-69ead000 r--s 00409000 08:06 2776512    /home/mars/Downloads/decompile/WhatsApp.jar
69ead000-69eae000 ---p 00000000 00:00 0 
69eae000-69f7f000 rwxp 00000000 00:00 0          [stack:12888]
69f7f000-69f80000 ---p 00000000 00:00 0 
69f80000-6a000000 rwxp 00000000 00:00 0          [stack:12887]
6a000000-6a021000 rw-p 00000000 00:00 0 
6a021000-6a100000 ---p 00000000 00:00 0 
6a102000-6a10b000 r-xp 00000000 08:06 5375792    /usr/lib/i386-linux-gnu/libXcursor.so.1.0.2
6a10b000-6a10c000 rw-p 00009000 08:06 5375792    /usr/lib/i386-linux-gnu/libXcursor.so.1.0.2
6a10c000-6a12c000 r-xp 00000000 08:06 5376184    /usr/lib/i386-linux-gnu/libgdk_pixbuf-2.0.so.0.2600.1
6a12c000-6a12d000 r--p 0001f000 08:06 5376184    /usr/lib/i386-linux-gnu/libgdk_pixbuf-2.0.so.0.2600.1
6a12d000-6a12e000 rw-p 00020000 08:06 5376184    /usr/lib/i386-linux-gnu/libgdk_pixbuf-2.0.so.0.2600.1
6a12e000-6a12f000 ---p 00000000 00:00 0 
6a12f000-6a200000 rwxp 00000000 00:00 0          [stack:12885]
6a200000-6a300000 rw-p 00000000 00:00 0 
6a300000-6a32c000 r-xp 00000000 08:06 5376708    /usr/lib/i386-linux-gnu/libpangoft2-1.0.so.0.3000.0
6a32c000-6a32d000 r--p 0002b000 08:06 5376708    /usr/lib/i386-linux-gnu/libpangoft2-1.0.so.0.3000.0
6a32d000-6a32e000 rw-p 0002c000 08:06 5376708    /usr/lib/i386-linux-gnu/libpangoft2-1.0.so.0.3000.0
6a32e000-6a37f000 rwxp 00000000 00:00 0          [stack:12884]
6a37f000-6a380000 ---p 00000000 00:00 0 
6a380000-6a400000 rwxp 00000000 00:00 0          [stack:12882]
6a400000-6a4fd000 rw-p 00000000 00:00 0 
6a4fd000-6a500000 ---p 00000000 00:00 0 
6a500000-6a503000 r-xp 00000000 08:06 5376218    /usr/lib/i386-linux-gnu/libgmodule-2.0.so.0.3200.4
6a503000-6a504000 r--p 00002000 08:06 5376218    /usr/lib/i386-linux-gnu/libgmodule-2.0.so.0.3200.4
6a504000-6a505000 rw-p 00003000 08:06 5376218    /usr/lib/i386-linux-gnu/libgmodule-2.0.so.0.3200.4
6a505000-6a524000 r-xp 00000000 08:06 5375882    /usr/lib/i386-linux-gnu/libatk-1.0.so.0.20409.1
6a524000-6a526000 r--p 0001e000 08:06 5375882    /usr/lib/i386-linux-gnu/libatk-1.0.so.0.20409.1
6a526000-6a527000 rw-p 00020000 08:06 5375882    /usr/lib/i386-linux-gnu/libatk-1.0.so.0.20409.1
6a527000-6a6d6000 r--s 01cfb000 08:06 5379565    /usr/lib/jvm/java-7-openjdk-i386/jre/lib/rt.jar
6a6d6000-6ce00000 rw-p 00000000 00:00 0 
6ce00000-6cef9000 rw-p 00000000 00:00 0 
6cef9000-6cf00000 ---p 00000000 00:00 0 
6cf00000-6cf02000 r-xp 00000000 08:06 5377209    /usr/lib/i386-linux-gnu/libxcb-shm.so.0.0.0
6cf02000-6cf03000 r--p 00001000 08:06 5377209    /usr/lib/i386-linux-gnu/libxcb-shm.so.0.0.0
6cf03000-6cf04000 rw-p 00002000 08:06 5377209    /usr/lib/i386-linux-gnu/libxcb-shm.so.0.0.0
6cf04000-6cf0b000 r-xp 00000000 08:06 5375834    /usr/lib/i386-linux-gnu/libXrandr.so.2.2.0
6cf0b000-6cf0c000 rw-p 00006000 08:06 5375834    /usr/lib/i386-linux-gnu/libXrandr.so.2.2.0
6cf0c000-6cf10000 r-xp 00000000 08:06 5375808    /usr/lib/i386-linux-gnu/libXfixes.so.3.1.0
6cf10000-6cf11000 r--p 00003000 08:06 5375808    /usr/lib/i386-linux-gnu/libXfixes.so.3.1.0
6cf11000-6cf12000 rw-p 00004000 08:06 5375808    /usr/lib/i386-linux-gnu/libXfixes.so.3.1.0
6cf12000-6cf1d000 r-xp 00000000 08:06 5376704    /usr/lib/i386-linux-gnu/libpangocairo-1.0.so.0.3000.0
6cf1d000-6cf1e000 r--p 0000b000 08:06 5376704    /usr/lib/i386-linux-gnu/libpangocairo-1.0.so.0.3000.0
6cf1e000-6cf1f000 rw-p 0000c000 08:06 5376704    /usr/lib/i386-linux-gnu/libpangocairo-1.0.so.0.3000.0
6cf1f000-6cf2d000 r-xp 00000000 08:06 5375816    /usr/lib/i386-linux-gnu/libXi.so.6.1.0
6cf2d000-6cf2e000 rw-p 0000e000 08:06 5375816    /usr/lib/i386-linux-gnu/libXi.so.6.1.0
6cf2e000-6cf7f000 rwxp 00000000 00:00 0          [stack:12883]
6cf7f000-6cf80000 ---p 00000000 00:00 0 
6cf80000-6d000000 rwxp 00000000 00:00 0          [stack:12880]
6d000000-6d021000 rw-p 00000000 00:00 0 
6d021000-6d100000 ---p 00000000 00:00 0 
6d100000-6d102000 r-xp 00000000 08:06 5375820    /usr/lib/i386-linux-gnu/libXinerama.so.1.0.0
6d102000-6d103000 rw-p 00001000 08:06 5375820    /usr/lib/i386-linux-gnu/libXinerama.so.1.0.0
6d103000-6d105000 r-xp 00000000 08:06 5375796    /usr/lib/i386-linux-gnu/libXdamage.so.1.1.0
6d105000-6d106000 rw-p 00001000 08:06 5375796    /usr/lib/i386-linux-gnu/libXdamage.so.1.1.0
6d106000-6d108000 r-xp 00000000 08:06 5375788    /usr/lib/i386-linux-gnu/libXcomposite.so.1.0.0
6d108000-6d109000 rw-p 00001000 08:06 5375788    /usr/lib/i386-linux-gnu/libXcomposite.so.1.0.0
6d109000-6d10a000 r-xp 00000000 08:06 5376437    /usr/lib/i386-linux-gnu/libgthread-2.0.so.0.3200.4
6d10a000-6d10b000 r--p 00000000 08:06 5376437    /usr/lib/i386-linux-gnu/libgthread-2.0.so.0.3200.4
6d10b000-6d10c000 rw-p 00001000 08:06 5376437    /usr/lib/i386-linux-gnu/libgthread-2.0.so.0.3200.4
6d10c000-6d115000 r-xp 00000000 08:06 5375838    /usr/lib/i386-linux-gnu/libXrender.so.1.3.0
6d115000-6d116000 rw-p 00008000 08:06 5375838    /usr/lib/i386-linux-gnu/libXrender.so.1.3.0
6d12d000-6d136000 r--s 000b9000 08:06 5376598    /usr/lib/jvm/java-7-openjdk-i386/jre/lib/resources.jar
6d136000-6d17f000 rw-p 00000000 00:00 0 
6d17f000-6d180000 ---p 00000000 00:00 0 
6d180000-6d200000 rwxp 00000000 00:00 0          [stack:12879]
6d200000-6d221000 rw-p 00000000 00:00 0 
6d221000-6d300000 ---p 00000000 00:00 0 
6d301000-6d306000 r-xp 00000000 08:06 5375846    /usr/lib/i386-linux-gnu/libXtst.so.6.1.0
6d306000-6d307000 rw-p 00004000 08:06 5375846    /usr/lib/i386-linux-gnu/libXtst.so.6.1.0
6d307000-6d318000 r-xp 00000000 08:06 5375804    /usr/lib/i386-linux-gnu/libXext.so.6.4.0
6d318000-6d319000 rw-p 00010000 08:06 5375804    /usr/lib/i386-linux-gnu/libXext.so.6.4.0
6d319000-6d31e000 r--s 0002e000 08:06 2701089    /home/mars/NetBeansProjects/practice/lib/gson-2.3.jar
6d31e000-6d324000 r--s 00023000 08:06 2699671    /home/mars/NetBeansProjects/Watamu/lib/jcalendar-1.4.jar
6d324000-6d37f000 rw-p 00000000 00:00 0 
6d37f000-6d380000 ---p 00000000 00:00 0 
6d380000-6d400000 rwxp 00000000 00:00 0          [stack:12878]
6d400000-6d421000 rw-p 00000000 00:00 0 
6d421000-6d500000 ---p 00000000 00:00 0 
6d500000-6d508000 r--s 000c3000 08:06 2645019    /home/mars/netbeans-7.4/ide/modules/ext/mysql-connector-java-5.1.23-bin.jar
6d508000-6d509000 ---p 00000000 00:00 0 
6d509000-6d589000 rwxp 00000000 00:00 0          [stack:12877]
6d589000-6d591000 rw-p 00000000 00:00 0 
6d591000-6d5c9000 rw-p 00000000 00:00 0 
6d5c9000-6d5de000 rw-p 00000000 00:00 0 
6d5de000-6d712000 rw-p 00000000 00:00 0 
6d712000-6d71a000 rw-p 00000000 00:00 0 
6d71a000-6d752000 rw-p 00000000 00:00 0 
6d752000-6d767000 rw-p 00000000 00:00 0 
6d767000-6d89a000 rw-p 00000000 00:00 0 
6d89a000-6d8a5000 rw-p 00000000 00:00 0 
6d8a5000-6d93f000 rw-p 00000000 00:00 0 
6d93f000-6e940000 rw-p 00000000 00:00 0 
6e940000-75940000 rw-p 00000000 00:00 0 
75940000-78240000 rw-p 00000000 00:00 0 
78240000-9ea80000 rw-p 00000000 00:00 0 
9ea80000-9ff00000 rw-p 00000000 00:00 0 
9ff00000-b3340000 rw-p 00000000 00:00 0 
b3340000-b3349000 rw-p 00000000 00:00 0 
b3349000-b3400000 rw-p 00000000 00:00 0 
b3400000-b3640000 rwxp 00000000 00:00 0 
b3640000-b6500000 rw-p 00000000 00:00 0 
b6501000-b6504000 r--s 0003d000 08:06 2701088    /home/mars/NetBeansProjects/practice/lib/gson-2.3-javadoc.jar
b6504000-b650b000 r--s 000b1000 08:06 2691370    /home/mars/NetBeansProjects/Mars/libraries/mysql-connector-java-5.1.13-bin.jar
b650b000-b6526000 rw-p 00000000 00:00 0 
b6526000-b6531000 r-xp 00000000 08:06 6174298    /lib/i386-linux-gnu/i686/cmov/libnss_files-2.19.so
b6531000-b6532000 r--p 0000a000 08:06 6174298    /lib/i386-linux-gnu/i686/cmov/libnss_files-2.19.so
b6532000-b6533000 rw-p 0000b000 08:06 6174298    /lib/i386-linux-gnu/i686/cmov/libnss_files-2.19.so
b6533000-b653d000 r-xp 00000000 08:06 6174300    /lib/i386-linux-gnu/i686/cmov/libnss_nis-2.19.so
b653d000-b653e000 r--p 00009000 08:06 6174300    /lib/i386-linux-gnu/i686/cmov/libnss_nis-2.19.so
b653e000-b653f000 rw-p 0000a000 08:06 6174300    /lib/i386-linux-gnu/i686/cmov/libnss_nis-2.19.so
b653f000-b6554000 r-xp 00000000 08:06 6174294    /lib/i386-linux-gnu/i686/cmov/libnsl-2.19.so
b6554000-b6555000 r--p 00015000 08:06 6174294    /lib/i386-linux-gnu/i686/cmov/libnsl-2.19.so
b6555000-b6556000 rw-p 00016000 08:06 6174294    /lib/i386-linux-gnu/i686/cmov/libnsl-2.19.so
b6556000-b6558000 rw-p 00000000 00:00 0 
b655a000-b655b000 r--s 00005000 08:06 2701087    /home/mars/NetBeansProjects/practice/lib/json-simple-1.1.1.jar
b655b000-b655c000 r--s 00002000 08:06 5376482    /usr/lib/jvm/java-7-openjdk-i386/jre/lib/ext/dnsns.jar
b655c000-b655e000 r--s 0000f000 08:06 5376582    /usr/lib/jvm/java-7-openjdk-i386/jre/lib/ext/pulse-java.jar
b655e000-b6562000 r--s 00085000 08:06 5374634    /usr/lib/jvm/java-7-openjdk-i386/jre/lib/ext/localedata.jar
b6562000-b6566000 r--s 0003b000 08:06 5376486    /usr/lib/jvm/java-7-openjdk-i386/jre/lib/ext/sunpkcs11.jar
b6566000-b656e000 r-xp 00000000 08:06 5379036    /usr/lib/jvm/java-7-openjdk-i386/jre/lib/i386/libzip.so
b656e000-b656f000 r--p 00007000 08:06 5379036    /usr/lib/jvm/java-7-openjdk-i386/jre/lib/i386/libzip.so
b656f000-b6570000 rw-p 00008000 08:06 5379036    /usr/lib/jvm/java-7-openjdk-i386/jre/lib/i386/libzip.so
b6570000-b6578000 rw-s 00000000 08:06 3223774    /tmp/hsperfdata_mars/12871
b6578000-b659f000 r-xp 00000000 08:06 5376983    /usr/lib/jvm/java-7-openjdk-i386/jre/lib/i386/libjava.so
b659f000-b65a0000 r--p 00026000 08:06 5376983    /usr/lib/jvm/java-7-openjdk-i386/jre/lib/i386/libjava.so
b65a0000-b65a1000 rw-p 00027000 08:06 5376983    /usr/lib/jvm/java-7-openjdk-i386/jre/lib/i386/libjava.so
b65a1000-b65a8000 r-xp 00000000 08:06 6174304    /lib/i386-linux-gnu/i686/cmov/librt-2.19.so
b65a8000-b65a9000 r--p 00006000 08:06 6174304    /lib/i386-linux-gnu/i686/cmov/librt-2.19.so
b65a9000-b65aa000 rw-p 00007000 08:06 6174304    /lib/i386-linux-gnu/i686/cmov/librt-2.19.so
b65aa000-b65ab000 rw-p 00000000 00:00 0 
b65ab000-b65fb000 rwxp 00000000 00:00 0          [stack:12876]
b65fb000-b6617000 r-xp 00000000 08:06 6161158    /lib/i386-linux-gnu/libgcc_s.so.1
b6617000-b6618000 rw-p 0001b000 08:06 6161158    /lib/i386-linux-gnu/libgcc_s.so.1
b6618000-b665c000 r-xp 00000000 08:06 6174292    /lib/i386-linux-gnu/i686/cmov/libm-2.19.so
b665c000-b665d000 r--p 00043000 08:06 6174292    /lib/i386-linux-gnu/i686/cmov/libm-2.19.so
b665d000-b665e000 rw-p 00044000 08:06 6174292    /lib/i386-linux-gnu/i686/cmov/libm-2.19.so
b665e000-b6744000 r-xp 00000000 08:06 5380776    /usr/lib/i386-linux-gnu/libstdc++.so.6.0.20
b6744000-b6748000 r--p 000e6000 08:06 5380776    /usr/lib/i386-linux-gnu/libstdc++.so.6.0.20
b6748000-b6749000 rw-p 000ea000 08:06 5380776    /usr/lib/i386-linux-gnu/libstdc++.so.6.0.20
b6749000-b6750000 rw-p 00000000 00:00 0 
b6750000-b70f8000 r-xp 00000000 08:06 5379040    /usr/lib/jvm/java-7-openjdk-i386/jre/lib/i386/server/libjvm.so
b70f8000-b714d000 r--p 009a7000 08:06 5379040    /usr/lib/jvm/java-7-openjdk-i386/jre/lib/i386/server/libjvm.so
b714d000-b7161000 rw-p 009fc000 08:06 5379040    /usr/lib/jvm/java-7-openjdk-i386/jre/lib/i386/server/libjvm.so
b7161000-b757f000 rw-p 00000000 00:00 0 
b757f000-b7596000 r-xp 00000000 08:06 6161279    /lib/i386-linux-gnu/libz.so.1.2.7
b7596000-b7597000 r--p 00016000 08:06 6161279    /lib/i386-linux-gnu/libz.so.1.2.7
b7597000-b7598000 rw-p 00017000 08:06 6161279    /lib/i386-linux-gnu/libz.so.1.2.7
b7598000-b773d000 r-xp 00000000 08:06 6174286    /lib/i386-linux-gnu/i686/cmov/libc-2.19.so
b773d000-b773f000 r--p 001a5000 08:06 6174286    /lib/i386-linux-gnu/i686/cmov/libc-2.19.so
b773f000-b7740000 rw-p 001a7000 08:06 6174286    /lib/i386-linux-gnu/i686/cmov/libc-2.19.so
b7740000-b7743000 rw-p 00000000 00:00 0 
b7743000-b7746000 r-xp 00000000 08:06 6174291    /lib/i386-linux-gnu/i686/cmov/libdl-2.19.so
b7746000-b7747000 r--p 00002000 08:06 6174291    /lib/i386-linux-gnu/i686/cmov/libdl-2.19.so
b7747000-b7748000 rw-p 00003000 08:06 6174291    /lib/i386-linux-gnu/i686/cmov/libdl-2.19.so
b7748000-b7755000 r-xp 00000000 08:06 5376984    /usr/lib/jvm/java-7-openjdk-i386/jre/lib/i386/jli/libjli.so
b7755000-b7756000 r--p 0000c000 08:06 5376984    /usr/lib/jvm/java-7-openjdk-i386/jre/lib/i386/jli/libjli.so
b7756000-b7757000 rw-p 0000d000 08:06 5376984    /usr/lib/jvm/java-7-openjdk-i386/jre/lib/i386/jli/libjli.so
b7757000-b7758000 rw-p 00000000 00:00 0 
b7758000-b7770000 r-xp 00000000 08:06 6161070    /lib/i386-linux-gnu/i686/cmov/libpthread-2.19.so
b7770000-b7771000 r--p 00017000 08:06 6161070    /lib/i386-linux-gnu/i686/cmov/libpthread-2.19.so
b7771000-b7772000 rw-p 00018000 08:06 6161070    /lib/i386-linux-gnu/i686/cmov/libpthread-2.19.so
b7772000-b7774000 rw-p 00000000 00:00 0 
b7774000-b7776000 r--s 00012000 08:06 5375652    /usr/lib/jvm/java-7-openjdk-i386/jre/lib/ext/zipfs.jar
b7776000-b7777000 r--s 00007000 08:06 932865     /usr/share/java/java-atk-wrapper.jar
b7777000-b777a000 r--s 00032000 08:06 5376491    /usr/lib/jvm/java-7-openjdk-i386/jre/lib/ext/sunjce_provider.jar
b777a000-b7781000 r-xp 00000000 08:06 6174296    /lib/i386-linux-gnu/i686/cmov/libnss_compat-2.19.so
b7781000-b7782000 r--p 00006000 08:06 6174296    /lib/i386-linux-gnu/i686/cmov/libnss_compat-2.19.so
b7782000-b7783000 rw-p 00007000 08:06 6174296    /lib/i386-linux-gnu/i686/cmov/libnss_compat-2.19.so
b7783000-b7784000 rw-p 00000000 00:00 0 
b7784000-b7785000 r--p 00000000 00:00 0 
b7785000-b7792000 r-xp 00000000 08:06 5377266    /usr/lib/jvm/java-7-openjdk-i386/jre/lib/i386/libverify.so
b7792000-b7793000 r--p 0000d000 08:06 5377266    /usr/lib/jvm/java-7-openjdk-i386/jre/lib/i386/libverify.so
b7793000-b7794000 rw-p 0000e000 08:06 5377266    /usr/lib/jvm/java-7-openjdk-i386/jre/lib/i386/libverify.so
b7794000-b7796000 rw-p 00000000 00:00 0 
b7796000-b7797000 r-xp 00000000 00:00 0          [vdso]
b7797000-b77b6000 r-xp 00000000 08:06 6169294    /lib/i386-linux-gnu/ld-2.19.so
b77b6000-b77b7000 r--p 0001f000 08:06 6169294    /lib/i386-linux-gnu/ld-2.19.so
b77b7000-b77b8000 rw-p 00020000 08:06 6169294    /lib/i386-linux-gnu/ld-2.19.so
bfad8000-bfaf8000 rwxp 00000000 00:00 0          [stack]
bfaf8000-bfaf9000 rw-p 00000000 00:00 0 

VM Arguments:
jvm_args: -Dfile.encoding=UTF-8 
java_command: swinghacks.TransitionTabbedPane
Launcher Type: SUN_STANDARD

Environment Variables:
JAVA_HOME=/usr/bin/java
PATH=/usr/local/bin:/usr/bin:/bin:/usr/local/games:/usr/games
USERNAME=mars
LD_LIBRARY_PATH=/usr/lib/jvm/java-7-openjdk-i386/jre/lib/amd64:/usr/lib/jvm/java-7-openjdk-i386/jre/lib/i386:
SHELL=/bin/bash
DISPLAY=:0.0

Signal Handlers:
SIGSEGV: [libjvm.so+0x7e88a0], sa_mask[0]=0x7ffbfeff, sa_flags=0x10000004
SIGBUS: [libjvm.so+0x7e88a0], sa_mask[0]=0x7ffbfeff, sa_flags=0x10000004
SIGFPE: [libjvm.so+0x664fe0], sa_mask[0]=0x7ffbfeff, sa_flags=0x10000004
SIGPIPE: [libjvm.so+0x664fe0], sa_mask[0]=0x7ffbfeff, sa_flags=0x10000004
SIGXFSZ: [libjvm.so+0x664fe0], sa_mask[0]=0x7ffbfeff, sa_flags=0x10000004
SIGILL: [libjvm.so+0x664fe0], sa_mask[0]=0x7ffbfeff, sa_flags=0x10000004
SIGUSR1: SIG_DFL, sa_mask[0]=0x00000000, sa_flags=0x00000000
SIGUSR2: [libjvm.so+0x665120], sa_mask[0]=0x00000004, sa_flags=0x10000004
SIGHUP: [libjvm.so+0x665510], sa_mask[0]=0x7ffbfeff, sa_flags=0x10000004
SIGINT: SIG_IGN, sa_mask[0]=0x00000000, sa_flags=0x00000000
SIGTERM: [libjvm.so+0x665510], sa_mask[0]=0x7ffbfeff, sa_flags=0x10000004
SIGQUIT: [libjvm.so+0x665510], sa_mask[0]=0x7ffbfeff, sa_flags=0x10000004


---------------  S Y S T E M  ---------------

OS:Kali Linux 1.0.7

uname:Linux 3.14-kali1-686-pae #1 SMP Debian 3.14.5-1kali1 (2014-06-07) i686
libc:glibc 2.19 NPTL 2.19 
rlimit: STACK 8192k, CORE 0k, NPROC 31370, NOFILE 4096, AS infinity
load average:0.51 0.54 0.50

/proc/meminfo:
MemTotal:        4033412 kB
MemFree:          145684 kB
MemAvailable:    2066516 kB
Buffers:          434648 kB
Cached:          1724236 kB
SwapCached:            0 kB
Active:          2310736 kB
Inactive:        1416444 kB
Active(anon):    1371396 kB
Inactive(anon):   288452 kB
Active(file):     939340 kB
Inactive(file):  1127992 kB
Unevictable:          16 kB
Mlocked:              16 kB
HighTotal:       3176200 kB
HighFree:          69876 kB
LowTotal:         857212 kB
LowFree:           75808 kB
SwapTotal:       4606972 kB
SwapFree:        4606972 kB
Dirty:               500 kB
Writeback:             0 kB
AnonPages:       1568484 kB
Mapped:           178816 kB
Shmem:             91416 kB
Slab:             110748 kB
SReclaimable:      80152 kB
SUnreclaim:        30596 kB
KernelStack:        3960 kB
PageTables:        16964 kB
NFS_Unstable:          0 kB
Bounce:                0 kB
WritebackTmp:          0 kB
CommitLimit:     6623676 kB
Committed_AS:    9559676 kB
VmallocTotal:     122880 kB
VmallocUsed:       16512 kB
VmallocChunk:      95076 kB
HardwareCorrupted:     0 kB
AnonHugePages:         0 kB
HugePages_Total:       0
HugePages_Free:        0
HugePages_Rsvd:        0
HugePages_Surp:        0
Hugepagesize:       2048 kB
DirectMap4k:       16376 kB
DirectMap2M:      892928 kB


CPU:total 4 (2 cores per cpu, 2 threads per core) family 6 model 42 stepping 7, cmov, cx8, fxsr, mmx, sse, sse2, sse3, ssse3, sse4.1, sse4.2, popcnt, avx, ht, tsc, tscinvbit

/proc/cpuinfo:
processor	: 0
vendor_id	: GenuineIntel
cpu family	: 6
model		: 42
model name	: Intel(R) Core(TM) i3-2328M CPU @ 2.20GHz
stepping	: 7
microcode	: 0x29
cpu MHz		: 1156.375
cache size	: 3072 KB
physical id	: 0
siblings	: 4
core id		: 0
cpu cores	: 2
apicid		: 0
initial apicid	: 0
fdiv_bug	: no
f00f_bug	: no
coma_bug	: no
fpu		: yes
fpu_exception	: yes
cpuid level	: 13
wp		: yes
flags		: fpu vme de pse tsc msr pae mce cx8 apic sep mtrr pge mca cmov pat pse36 clflush dts acpi mmx fxsr sse sse2 ss ht tm pbe nx rdtscp lm constant_tsc arch_perfmon pebs bts xtopology nonstop_tsc aperfmperf eagerfpu pni pclmulqdq dtes64 monitor ds_cpl vmx est tm2 ssse3 cx16 xtpr pdcm pcid sse4_1 sse4_2 x2apic popcnt tsc_deadline_timer xsave avx lahf_lm arat epb xsaveopt pln pts dtherm tpr_shadow vnmi flexpriority ept vpid
bogomips	: 4390.04
clflush size	: 64
cache_alignment	: 64
address sizes	: 36 bits physical, 48 bits virtual
power management:

processor	: 1
vendor_id	: GenuineIntel
cpu family	: 6
model		: 42
model name	: Intel(R) Core(TM) i3-2328M CPU @ 2.20GHz
stepping	: 7
microcode	: 0x29
cpu MHz		: 950.125
cache size	: 3072 KB
physical id	: 0
siblings	: 4
core id		: 0
cpu cores	: 2
apicid		: 1
initial apicid	: 1
fdiv_bug	: no
f00f_bug	: no
coma_bug	: no
fpu		: yes
fpu_exception	: yes
cpuid level	: 13
wp		: yes
flags		: fpu vme de pse tsc msr pae mce cx8 apic sep mtrr pge mca cmov pat pse36 clflush dts acpi mmx fxsr sse sse2 ss ht tm pbe nx rdtscp lm constant_tsc arch_perfmon pebs bts xtopology nonstop_tsc aperfmperf eagerfpu pni pclmulqdq dtes64 monitor ds_cpl vmx est tm2 ssse3 cx16 xtpr pdcm pcid sse4_1 sse4_2 x2apic popcnt tsc_deadline_timer xsave avx lahf_lm arat epb xsaveopt pln pts dtherm tpr_shadow vnmi flexpriority ept vpid
bogomips	: 4390.04
clflush size	: 64
cache_alignment	: 64
address sizes	: 36 bits physical, 48 bits virtual
power management:

processor	: 2
vendor_id	: GenuineIntel
cpu family	: 6
model		: 42
model name	: Intel(R) Core(TM) i3-2328M CPU @ 2.20GHz
stepping	: 7
microcode	: 0x29
cpu MHz		: 1259.500
cache size	: 3072 KB
physical id	: 0
siblings	: 4
core id		: 1
cpu cores	: 2
apicid		: 2
initial apicid	: 2
fdiv_bug	: no
f00f_bug	: no
coma_bug	: no
fpu		: yes
fpu_exception	: yes
cpuid level	: 13
wp		: yes
flags		: fpu vme de pse tsc msr pae mce cx8 apic sep mtrr pge mca cmov pat pse36 clflush dts acpi mmx fxsr sse sse2 ss ht tm pbe nx rdtscp lm constant_tsc arch_perfmon pebs bts xtopology nonstop_tsc aperfmperf eagerfpu pni pclmulqdq dtes64 monitor ds_cpl vmx est tm2 ssse3 cx16 xtpr pdcm pcid sse4_1 sse4_2 x2apic popcnt tsc_deadline_timer xsave avx lahf_lm arat epb xsaveopt pln pts dtherm tpr_shadow vnmi flexpriority ept vpid
bogomips	: 4390.04
clflush size	: 64
cache_alignment	: 64
address sizes	: 36 bits physical, 48 bits virtual
power management:

processor	: 3
vendor_id	: GenuineIntel
cpu family	: 6
model		: 42
model name	: Intel(R) Core(TM) i3-2328M CPU @ 2.20GHz
stepping	: 7
microcode	: 0x29
cpu MHz		: 1087.625
cache size	: 3072 KB
physical id	: 0
siblings	: 4
core id		: 1
cpu cores	: 2
apicid		: 3
initial apicid	: 3
fdiv_bug	: no
f00f_bug	: no
coma_bug	: no
fpu		: yes
fpu_exception	: yes
cpuid level	: 13
wp		: yes
flags		: fpu vme de pse tsc msr pae mce cx8 apic sep mtrr pge mca cmov pat pse36 clflush dts acpi mmx fxsr sse sse2 ss ht tm pbe nx rdtscp lm constant_tsc arch_perfmon pebs bts xtopology nonstop_tsc aperfmperf eagerfpu pni pclmulqdq dtes64 monitor ds_cpl vmx est tm2 ssse3 cx16 xtpr pdcm pcid sse4_1 sse4_2 x2apic popcnt tsc_deadline_timer xsave avx lahf_lm arat epb xsaveopt pln pts dtherm tpr_shadow vnmi flexpriority ept vpid
bogomips	: 4390.04
clflush size	: 64
cache_alignment	: 64
address sizes	: 36 bits physical, 48 bits virtual
power management:



Memory: 4k page, physical 4033412k(145684k free), swap 4606972k(4606972k free)

vm_info: OpenJDK Server VM (24.51-b03) for linux-x86 JRE (1.7.0_55-b14), built on Apr 30 2014 10:47:03 by "jmm" with gcc 4.7.2

time: Sat Oct 11 23:22:27 2014
elapsed time: 1 seconds

